<?xml version="1.0" encoding="UTF-8"?>
<robot generator="Robot 6.0.2 (Python 3.11.0 on win32)" generated="20230307 15:24:57.564" rpa="false" schemaversion="3">
<suite id="s1" name="First Robot Api Test" source="E:\Trainings\PythonRobotTavet14Feb2023\RobotframeworkProject\APITesting\first_robot_api_test.robot">
<kw name="Create Session" library="RequestsLibrary" type="SETUP">
<arg>${session_json}</arg>
<arg>${protocol}://${server2}</arg>
<doc>Create Session: create a HTTP session to a server</doc>
<msg timestamp="20230307 15:24:57.876" level="INFO">Creating Session using : alias=jsonplaceholder, url=https://jsonplaceholder.typicode.com, headers={},                     cookies={}, auth=None, timeout=None, proxies=None, verify=False,                     debug=0 </msg>
<status status="PASS" starttime="20230307 15:24:57.876" endtime="20230307 15:24:57.876"/>
</kw>
<test id="s1-t1" name="Quick Get Request Test" line="16">
<kw name="GET" library="RequestsLibrary">
<var>${response}</var>
<arg>${api_url}</arg>
<doc>Sends a GET request.</doc>
<msg timestamp="20230307 15:24:58.525" level="INFO">GET Request : url=https://www.google.com/ 
 path_url=/ 
 headers={'User-Agent': 'python-requests/2.28.2', 'Accept-Encoding': 'gzip, deflate', 'Accept': '*/*', 'Connection': 'keep-alive'} 
 body=None 
 </msg>
<msg timestamp="20230307 15:24:58.526" level="INFO">GET Response : url=https://www.google.com/ 
 status=200, reason=OK 
 headers={'Date': 'Tue, 07 Mar 2023 09:58:49 GMT', 'Expires': '-1', 'Cache-Control': 'private, max-age=0', 'Content-Type': 'text/html; charset=ISO-8859-1', 'P3P': 'CP="This is not a P3P policy! See g.co/p3phelp for more info."', 'Content-Encoding': 'gzip', 'Server': 'gws', 'X-XSS-Protection': '0', 'X-Frame-Options': 'SAMEORIGIN', 'Set-Cookie': '1P_JAR=2023-03-07-09; expires=Thu, 06-Apr-2023 09:58:49 GMT; path=/; domain=.google.com; Secure, AEC=ARSKqsJNIwdgUCK88MjRv-CFz_PIp6KzohAbZfmwG-x05KmmKcXm7xrmqg; expires=Sun, 03-Sep-2023 09:58:49 GMT; path=/; domain=.google.com; Secure; HttpOnly; SameSite=lax, NID=511=qgb9FvfOaMI8cZEsV0hUQNcyZiPnjVOtmwRWuGYzR7wXy24GOER-A8-7GHm6C1Sq3PqvtRp1Txux7DY5h_gU2UMbpeylcFjukWwAgYzizgqRcaUoiW4YglpEDSymDDtO4KSxoVtmpyUGRBFOEYJY6uCrGhSEcJ6oQdRgr_dkguY; expires=Wed, 06-Sep-2023 09:58:49 GMT; path=/; domain=.google.com; HttpOnly', 'Alt-Svc': 'h3=":443"; ma=2592000,h3-29=":443"; ma=2592000', 'Transfer-Encoding': 'chunked'} 
 body=&lt;!doctype html&gt;&lt;html itemscope="" itemtype="http://schema.org/WebPage" lang="en-IN"&gt;&lt;head&gt;&lt;meta content="text/html; charset=UTF-8" http-equiv="Content-Type"&gt;&lt;meta content="/images/branding/googleg/1x/googleg_standard_color_128dp.png" itemprop="image"&gt;&lt;title&gt;Google&lt;/title&gt;&lt;script nonce="snbo2-tOnkkjmPFBpfxpCA"&gt;(function(){window.google={kEI:'2QoHZMiYOLbD5OUPm56g6A4',kEXPI:'0,1359409,6059,206,4804,2316,383,246,5,1129120,1197750,651,165,379924,16115,19397,9287,22430,1362,284,12027,4753,12835,4998,13226,3849,38444,887,1985,2891,8348,3406,606,30668,30021,2615,13142,3,576,1014,1,5444,149,11323,2652,4,1528,2304,29062,13065,13658,4437,9358,7428,5815,2542,4094,7596,1,42154,2,14022,2715,23024,5679,1020,20567,10556,4568,2473,3782,23421,1252,5835,14967,4333,8,7476,445,2,2,1,26632,8155,7381,2,15968,873,19633,7,1922,5784,3995,18543,587,2261,1496,13267,6305,2007,18191,20137,14,82,4641,8609,83,6873,1622,1779,3879,1097,3787,935,9633,536,4097,4387,988,3030,426,4705,497,482,1411,20,3,867,136,2117,432,3952,768,1299,505,567,4232,422,2320,12,181,404,91,1150,1088,5,1648,109,1128,141,308,13028,259,674,4492,87,162,212,2,375,1584,314,984,813,2084,667,1,1173,1068,512,699,785,274,43,555,1767,969,49,895,384,620,987,563,1989,979,2505,246,58,315,173,394,4,2530,311,150,312,2,164,4,58,55,300,95,50,53,3,2,3,427,143,127,54,382,123,68,601,4,128,404,352,259,578,654,359,3,600,287,1364,71,5,678,1241,836,566,3,374,691,335,90,52,331,378,64,149,4,4,329,42,1355,1,622,473,148,923,1609,2,70,1553,5226728,5966,301,151,5994269,2804423,3311,936,4,19732,1,346,23651291,299193,398,2879332,1162413,1964,14298,2375,2893,512,5738,9379,3182,1539',kBL:'a2nQ'};google.sn='webhp';google.kHL='en-IN';})();(function(){
var f=this||self;var h,k=[];function l(a){for(var b;a&amp;&amp;(!a.getAttribute||!(b=a.getAttribute("eid")));)a=a.parentNode;return b||h}function m(a){for(var b=null;a&amp;&amp;(!a.getAttribute||!(b=a.getAttribute("leid")));)a=a.parentNode;return b}
function n(a,b,c,d,g){var e="";c||-1!==b.search("&amp;ei=")||(e="&amp;ei="+l(d),-1===b.search("&amp;lei=")&amp;&amp;(d=m(d))&amp;&amp;(e+="&amp;lei="+d));d="";!c&amp;&amp;f._cshid&amp;&amp;-1===b.search("&amp;cshid=")&amp;&amp;"slh"!==a&amp;&amp;(d="&amp;cshid="+f._cshid);c=c||"/"+(g||"gen_204")+"?atyp=i&amp;ct="+a+"&amp;cad="+b+e+"&amp;zx="+Date.now()+d;/^http:/i.test(c)&amp;&amp;"https:"===window.location.protocol&amp;&amp;(google.ml&amp;&amp;google.ml(Error("a"),!1,{src:c,glmm:1}),c="");return c};h=google.kEI;google.getEI=l;google.getLEI=m;google.ml=function(){return null};google.log=function(a,b,c,d,g){if(c=n(a,b,c,d,g)){a=new Image;var e=k.length;k[e]=a;a.onerror=a.onload=a.onabort=function(){delete k[e]};a.src=c}};google.logUrl=n;}).call(this);(function(){google.y={};google.sy=[];google.x=function(a,b){if(a)var c=a.id;else{do c=Math.random();while(google.y[c])}google.y[c]=[a,b];return!1};google.sx=function(a){google.sy.push(a)};google.lm=[];google.plm=function(a){google.lm.push.apply(google.lm,a)};google.lq=[];google.load=function(a,b,c){google.lq.push([[a],b,c])};google.loadAll=function(a,b){google.lq.push([a,b])};google.bx=!1;google.lx=function(){};}).call(this);google.f={};(function(){
document.documentElement.addEventListener("submit",function(b){var a;if(a=b.target){var c=a.getAttribute("data-submitfalse");a="1"===c||"q"===c&amp;&amp;!a.elements.q.value?!0:!1}else a=!1;a&amp;&amp;(b.preventDefault(),b.stopPropagation())},!0);document.documentElement.addEventListener("click",function(b){var a;a:{for(a=b.target;a&amp;&amp;a!==document.documentElement;a=a.parentElement)if("A"===a.tagName){a="1"===a.getAttribute("data-nohref");break a}a=!1}a&amp;&amp;b.preventDefault()},!0);}).call(this);&lt;/script&gt;&lt;style&gt;#gbar,#guser{font-size:13px;padding-top:1px !important;}#gbar{height:22px}#guser{padding-bottom:7px !important;text-align:right}.gbh,.gbd{border-top:1px solid #c9d7f1;font-size:1px}.gbh{height:0;position:absolute;top:24px;width:100%}@media all{.gb1{height:22px;margin-right:.5em;vertical-align:top}#gbar{float:left}}a.gb1,a.gb4{text-decoration:underline !important}a.gb1,a.gb4{color:#00c !important}.gbi .gb4{color:#dd8e27 !important}.gbf .gb4{color:#900 !important}
&lt;/style&gt;&lt;style&gt;body,td,a,p,.h{font-family:arial,sans-serif}body{margin:0;overflow-y:scroll}#gog{padding:3px 8px 0}td{line-height:.8em}.gac_m td{line-height:17px}form{margin-bottom:20px}.h{color:#1558d6}em{font-weight:bold;font-style:normal}.lst{height:25px;width:496px}.gsfi,.lst{font:18px arial,sans-serif}.gsfs{font:17px arial,sans-serif}.ds{display:inline-box;display:inline-block;margin:3px 0 4px;margin-left:4px}input{font-family:inherit}body{background:#fff;color:#000}a{color:#4b11a8;text-decoration:none}a:hover,a:active{text-decoration:underline}.fl a{color:#1558d6}a:visited{color:#4b11a8}.sblc{padding-top:5px}.sblc a{display:block;margin:2px 0;margin-left:13px;font-size:11px}.lsbb{background:#f8f9fa;border:solid 1px;border-color:#dadce0 #70757a #70757a #dadce0;height:30px}.lsbb{display:block}#WqQANb a{display:inline-block;margin:0 12px}.lsb{background:url(/images/nav_logo229.png) 0 -261px repeat-x;border:none;color:#000;cursor:pointer;height:30px;margin:0;outline:0;font:15px arial,sans-serif;vertical-align:top}.lsb:active{background:#dadce0}.lst:focus{outline:none}&lt;/style&gt;&lt;script nonce="snbo2-tOnkkjmPFBpfxpCA"&gt;(function(){window.google.erd={jsr:1,bv:1754,de:true};
var h=this||self;var k,l=null!=(k=h.mei)?k:1,n,p=null!=(n=h.sdo)?n:!0,q=0,r,t=google.erd,v=t.jsr;google.ml=function(a,b,d,m,e){e=void 0===e?2:e;b&amp;&amp;(r=a&amp;&amp;a.message);if(google.dl)return google.dl(a,e,d),null;if(0&gt;v){window.console&amp;&amp;console.error(a,d);if(-2===v)throw a;b=!1}else b=!a||!a.message||"Error loading script"===a.message||q&gt;=l&amp;&amp;!m?!1:!0;if(!b)return null;q++;d=d||{};b=encodeURIComponent;var c="/gen_204?atyp=i&amp;ei="+b(google.kEI);google.kEXPI&amp;&amp;(c+="&amp;jexpid="+b(google.kEXPI));c+="&amp;srcpg="+b(google.sn)+"&amp;jsr="+b(t.jsr)+"&amp;bver="+b(t.bv);var f=a.lineNumber;void 0!==f&amp;&amp;(c+="&amp;line="+f);var g=
a.fileName;g&amp;&amp;(0&lt;g.indexOf("-extension:/")&amp;&amp;(e=3),c+="&amp;script="+b(g),f&amp;&amp;g===window.location.href&amp;&amp;(f=document.documentElement.outerHTML.split("\n")[f],c+="&amp;cad="+b(f?f.substring(0,300):"No script found.")));c+="&amp;jsel="+e;for(var u in d)c+="&amp;",c+=b(u),c+="=",c+=b(d[u]);c=c+"&amp;emsg="+b(a.name+": "+a.message);c=c+"&amp;jsst="+b(a.stack||"N/A");12288&lt;=c.length&amp;&amp;(c=c.substr(0,12288));a=c;m||google.log(0,"",a);return a};window.onerror=function(a,b,d,m,e){r!==a&amp;&amp;(a=e instanceof Error?e:Error(a),void 0===d||"lineNumber"in a||(a.lineNumber=d),void 0===b||"fileName"in a||(a.fileName=b),google.ml(a,!1,void 0,!1,"SyntaxError"===a.name||"SyntaxError"===a.message.substring(0,11)||-1!==a.message.indexOf("Script error")?3:0));r=null;p&amp;&amp;q&gt;=l&amp;&amp;(window.onerror=null)};})();&lt;/script&gt;&lt;/head&gt;&lt;body bgcolor="#fff"&gt;&lt;script nonce="snbo2-tOnkkjmPFBpfxpCA"&gt;(function(){var src='/images/nav_logo229.png';var iesg=false;document.body.onload = function(){window.n &amp;&amp; window.n();if (document.images){new Image().src=src;}
if (!iesg){document.f&amp;&amp;document.f.q.focus();document.gbqf&amp;&amp;document.gbqf.q.focus();}
}
})();&lt;/script&gt;&lt;div id="mngb"&gt;&lt;div id=gbar&gt;&lt;nobr&gt;&lt;b class=gb1&gt;Search&lt;/b&gt; &lt;a class=gb1 href="https://www.google.co.in/imghp?hl=en&amp;tab=wi"&gt;Images&lt;/a&gt; &lt;a class=gb1 href="https://maps.google.co.in/maps?hl=en&amp;tab=wl"&gt;Maps&lt;/a&gt; &lt;a class=gb1 href="https://play.google.com/?hl=en&amp;tab=w8"&gt;Play&lt;/a&gt; &lt;a class=gb1 href="https://www.youtube.com/?tab=w1"&gt;YouTube&lt;/a&gt; &lt;a class=gb1 href="https://news.google.com/?tab=wn"&gt;News&lt;/a&gt; &lt;a class=gb1 href="https://mail.google.com/mail/?tab=wm"&gt;Gmail&lt;/a&gt; &lt;a class=gb1 href="https://drive.google.com/?tab=wo"&gt;Drive&lt;/a&gt; &lt;a class=gb1 style="text-decoration:none" href="https://www.google.co.in/intl/en/about/products?tab=wh"&gt;&lt;u&gt;More&lt;/u&gt; &amp;raquo;&lt;/a&gt;&lt;/nobr&gt;&lt;/div&gt;&lt;div id=guser width=100%&gt;&lt;nobr&gt;&lt;span id=gbn class=gbi&gt;&lt;/span&gt;&lt;span id=gbf class=gbf&gt;&lt;/span&gt;&lt;span id=gbe&gt;&lt;/span&gt;&lt;a href="http://www.google.co.in/history/optout?hl=en" class=gb4&gt;Web History&lt;/a&gt; | &lt;a  href="/preferences?hl=en" class=gb4&gt;Settings&lt;/a&gt; | &lt;a target=_top id=gb_70 href="https://accounts.google.com/ServiceLogin?hl=en&amp;passive=true&amp;continue=https://www.google.com/&amp;ec=GAZAAQ" class=gb4&gt;Sign in&lt;/a&gt;&lt;/nobr&gt;&lt;/div&gt;&lt;div class=gbh style=left:0&gt;&lt;/div&gt;&lt;div class=gbh style=right:0&gt;&lt;/div&gt;&lt;/div&gt;&lt;center&gt;&lt;br clear="all" id="lgpd"&gt;&lt;div id="lga"&gt;&lt;img alt="Google" height="92" src="/images/branding/googlelogo/1x/googlelogo_white_background_color_272x92dp.png" style="padding:28px 0 14px" width="272" id="hplogo"&gt;&lt;br&gt;&lt;br&gt;&lt;/div&gt;&lt;form action="/search" name="f"&gt;&lt;table cellpadding="0" cellspacing="0"&gt;&lt;tr valign="top"&gt;&lt;td width="25%"&gt;&amp;nbsp;&lt;/td&gt;&lt;td align="center" nowrap=""&gt;&lt;input name="ie" value="ISO-8859-1" type="hidden"&gt;&lt;input value="en-IN" name="hl" type="hidden"&gt;&lt;input name="source" type="hidden" value="hp"&gt;&lt;input name="biw" type="hidden"&gt;&lt;input name="bih" type="hidden"&gt;&lt;div class="ds" style="height:32px;margin:4px 0"&gt;&lt;input class="lst" style="margin:0;padding:5px 8px 0 6px;vertical-align:top;color:#000" autocomplete="off" value="" title="Google Search" maxlength="2048" name="q" size="57"&gt;&lt;/div&gt;&lt;br style="line-height:0"&gt;&lt;span class="ds"&gt;&lt;span class="lsbb"&gt;&lt;input class="lsb" value="Google Search" name="btnG" type="submit"&gt;&lt;/span&gt;&lt;/span&gt;&lt;span class="ds"&gt;&lt;span class="lsbb"&gt;&lt;input class="lsb" id="tsuid_1" value="I'm Feeling Lucky" name="btnI" type="submit"&gt;&lt;script nonce="snbo2-tOnkkjmPFBpfxpCA"&gt;(function(){var id='tsuid_1';document.getElementById(id).onclick = function(){if (this.form.q.value){this.checked = 1;if (this.form.iflsig)this.form.iflsig.disabled = false;}
else top.location='/doodles/';};})();&lt;/script&gt;&lt;input value="AK50M_UAAAAAZAcY6Zbz_IvYRYRJ13B-x2n_PmSvV8lE" name="iflsig" type="hidden"&gt;&lt;/span&gt;&lt;/span&gt;&lt;/td&gt;&lt;td class="fl sblc" align="left" nowrap="" width="25%"&gt;&lt;a href="/advanced_search?hl=en-IN&amp;amp;authuser=0"&gt;Advanced search&lt;/a&gt;&lt;/td&gt;&lt;/tr&gt;&lt;/table&gt;&lt;input id="gbv" name="gbv" type="hidden" value="1"&gt;&lt;script nonce="snbo2-tOnkkjmPFBpfxpCA"&gt;(function(){var a,b="1";if(document&amp;&amp;document.getElementById)if("undefined"!=typeof XMLHttpRequest)b="2";else if("undefined"!=typeof ActiveXObject){var c,d,e=["MSXML2.XMLHTTP.6.0","MSXML2.XMLHTTP.3.0","MSXML2.XMLHTTP","Microsoft.XMLHTTP"];for(c=0;d=e[c++];)try{new ActiveXObject(d),b="2"}catch(h){}}a=b... (set the log level to DEBUG or TRACE to see the full content) 
 </msg>
<msg timestamp="20230307 15:24:58.526" level="INFO">${response} = &lt;Response [200]&gt;</msg>
<status status="PASS" starttime="20230307 15:24:57.877" endtime="20230307 15:24:58.526"/>
</kw>
<kw name="Log" library="BuiltIn">
<arg>${response}</arg>
<doc>Logs the given message with the given level.</doc>
<msg timestamp="20230307 15:24:58.527" level="INFO">&lt;Response [200]&gt;</msg>
<status status="PASS" starttime="20230307 15:24:58.527" endtime="20230307 15:24:58.527"/>
</kw>
<kw name="Status Should Be" library="RequestsLibrary">
<arg>201</arg>
<doc>Fails if response status code is different than the expected.</doc>
<msg timestamp="20230307 15:24:58.528" level="FAIL">Url: https://www.google.com/ Expected status: 200 != 201</msg>
<status status="FAIL" starttime="20230307 15:24:58.527" endtime="20230307 15:24:58.538"/>
</kw>
<status status="FAIL" starttime="20230307 15:24:57.877" endtime="20230307 15:24:58.539">Url: https://www.google.com/ Expected status: 200 != 201</status>
</test>
<test id="s1-t2" name="Create Post Session Test and Validate" line="21">
<kw name="Create Dictionary" library="BuiltIn">
<var>${request_body}</var>
<arg>title=Robotframework Request</arg>
<arg>userId=111</arg>
<arg>body=Robotframework request body</arg>
<doc>Creates and returns a dictionary based on the given ``items``.</doc>
<msg timestamp="20230307 15:24:58.541" level="INFO">${request_body} = {'title': 'Robotframework Request', 'userId': '111', 'body': 'Robotframework request body'}</msg>
<status status="PASS" starttime="20230307 15:24:58.540" endtime="20230307 15:24:58.541"/>
</kw>
<kw name="POST On Session" library="RequestsLibrary">
<var>${resp}</var>
<arg>${session_json}</arg>
<arg>/posts</arg>
<arg>json=${request_body}</arg>
<arg>expected_status=anything</arg>
<doc>Sends a POST request on a previously created HTTP Session.</doc>
<msg timestamp="20230307 15:24:59.335" level="INFO">POST Request : url=https://jsonplaceholder.typicode.com/posts 
 path_url=/posts 
 headers={'User-Agent': 'python-requests/2.28.2', 'Accept-Encoding': 'gzip, deflate', 'Accept': '*/*', 'Connection': 'keep-alive', 'Content-Length': '91', 'Content-Type': 'application/json'} 
 body=b'{"title": "Robotframework Request", "userId": "111", "body": "Robotframework request body"}' 
 </msg>
<msg timestamp="20230307 15:24:59.335" level="INFO">POST Response : url=https://jsonplaceholder.typicode.com/posts 
 status=201, reason=Created 
 headers={'Date': 'Tue, 07 Mar 2023 09:58:50 GMT', 'Content-Type': 'application/json; charset=utf-8', 'Content-Length': '112', 'Connection': 'keep-alive', 'X-Powered-By': 'Express', 'X-Ratelimit-Limit': '1000', 'X-Ratelimit-Remaining': '999', 'X-Ratelimit-Reset': '1678183133', 'Vary': 'Origin, X-HTTP-Method-Override, Accept-Encoding', 'Access-Control-Allow-Credentials': 'true', 'Cache-Control': 'no-cache', 'Pragma': 'no-cache', 'Expires': '-1', 'Access-Control-Expose-Headers': 'Location', 'Location': 'http://jsonplaceholder.typicode.com/posts/101', 'X-Content-Type-Options': 'nosniff', 'Etag': 'W/"70-rC7EoYYvNH9Koech+Oj8pvsF+m0"', 'Via': '1.1 vegur', 'CF-Cache-Status': 'DYNAMIC', 'Server-Timing': 'cf-q-config;dur=7.0000005507609e-06', 'Report-To': '{"endpoints":[{"url":"https:\\/\\/a.nel.cloudflare.com\\/report\\/v3?s=eOIdIaX9Qu0EK492iv0vM9Q70k8j7HJKiMLUHNlNcQe760IeRbj1V7SoLjIFE6skgMPUpS%2FfwCvIsZBwWn%2BVz8OgMG1%2Bxr4%2Bb%2BgkKMxqf2%2BjW0b%2FX5atNmE733gQOvY0OzmqMgOY7asKKKZtatkG"}],"group":"cf-nel","max_age":604800}', 'NEL': '{"success_fraction":0,"report_to":"cf-nel","max_age":604800}', 'Server': 'cloudflare', 'CF-RAY': '7a41fb746db2f29a-BOM', 'alt-svc': 'h3=":443"; ma=86400, h3-29=":443"; ma=86400'} 
 body={
  "title": "Robotframework Request",
  "userId": "111",
  "body": "Robotframework request body",
  "id": 101
} 
 </msg>
<msg timestamp="20230307 15:24:59.335" level="INFO">C:\Python311\Lib\site-packages\urllib3\connectionpool.py:1045: InsecureRequestWarning: Unverified HTTPS request is being made to host 'jsonplaceholder.typicode.com'. Adding certificate verification is strongly advised. See: https://urllib3.readthedocs.io/en/1.26.x/advanced-usage.html#ssl-warnings
  warnings.warn(</msg>
<msg timestamp="20230307 15:24:59.336" level="INFO">${resp} = &lt;Response [201]&gt;</msg>
<status status="PASS" starttime="20230307 15:24:58.541" endtime="20230307 15:24:59.336"/>
</kw>
<kw name="Log" library="BuiltIn">
<arg>${resp.json()}</arg>
<doc>Logs the given message with the given level.</doc>
<msg timestamp="20230307 15:24:59.337" level="INFO">{'title': 'Robotframework Request', 'userId': '111', 'body': 'Robotframework request body', 'id': 101}</msg>
<status status="PASS" starttime="20230307 15:24:59.336" endtime="20230307 15:24:59.337"/>
</kw>
<status status="PASS" starttime="20230307 15:24:58.540" endtime="20230307 15:24:59.337"/>
</test>
<test id="s1-t3" name="Read Json File request body and validate" line="27">
<kw name="Load Json From File" library="JSONLibrary">
<var>${json_object}</var>
<arg>request_data.json</arg>
<doc>Load JSON from file.</doc>
<msg timestamp="20230307 15:24:59.339" level="INFO">${json_object} = {'UserID': 555, 'body': 'Json file content body', 'title': 'Json file read task'}</msg>
<status status="PASS" starttime="20230307 15:24:59.339" endtime="20230307 15:24:59.339"/>
</kw>
<kw name="POST On Session" library="RequestsLibrary">
<var>${resp}</var>
<arg>${session_json}</arg>
<arg>/posts</arg>
<arg>json=${json_object}</arg>
<arg>expected_status=anything</arg>
<doc>Sends a POST request on a previously created HTTP Session.</doc>
<msg timestamp="20230307 15:25:00.011" level="INFO">POST Request : url=https://jsonplaceholder.typicode.com/posts 
 path_url=/posts 
 headers={'User-Agent': 'python-requests/2.28.2', 'Accept-Encoding': 'gzip, deflate', 'Accept': '*/*', 'Connection': 'keep-alive', 'Content-Length': '81', 'Content-Type': 'application/json'} 
 body=b'{"UserID": 555, "body": "Json file content body", "title": "Json file read task"}' 
 </msg>
<msg timestamp="20230307 15:25:00.011" level="INFO">POST Response : url=https://jsonplaceholder.typicode.com/posts 
 status=201, reason=Created 
 headers={'Date': 'Tue, 07 Mar 2023 09:58:51 GMT', 'Content-Type': 'application/json; charset=utf-8', 'Content-Length': '102', 'Connection': 'keep-alive', 'X-Powered-By': 'Express', 'X-Ratelimit-Limit': '1000', 'X-Ratelimit-Remaining': '998', 'X-Ratelimit-Reset': '1678183133', 'Vary': 'Origin, X-HTTP-Method-Override, Accept-Encoding', 'Access-Control-Allow-Credentials': 'true', 'Cache-Control': 'no-cache', 'Pragma': 'no-cache', 'Expires': '-1', 'Access-Control-Expose-Headers': 'Location', 'Location': 'http://jsonplaceholder.typicode.com/posts/101', 'X-Content-Type-Options': 'nosniff', 'Etag': 'W/"66-6do0jZAX80NZhX6wLncPxhyLm4Y"', 'Via': '1.1 vegur', 'CF-Cache-Status': 'DYNAMIC', 'Server-Timing': 'cf-q-config;dur=7.0000005507609e-06', 'Report-To': '{"endpoints":[{"url":"https:\\/\\/a.nel.cloudflare.com\\/report\\/v3?s=9e9q09jCRjfVbRxFx1nj1rlHzduTJyC4UrgUAlZTXewvRyzdsW0Hr%2BDyDmQBc4vuZOhCuCskWsAyZRzwfS80o280N4UM0Rf90hh5qjFW2aXPC1W4zjKTvNx8oZM%2FrxAdjiRsNvv%2FyUq6x%2BKfgh8T"}],"group":"cf-nel","max_age":604800}', 'NEL': '{"success_fraction":0,"report_to":"cf-nel","max_age":604800}', 'Server': 'cloudflare', 'CF-RAY': '7a41fb78feb9f29a-BOM', 'alt-svc': 'h3=":443"; ma=86400, h3-29=":443"; ma=86400'} 
 body={
  "UserID": 555,
  "body": "Json file content body",
  "title": "Json file read task",
  "id": 101
} 
 </msg>
<msg timestamp="20230307 15:25:00.011" level="INFO">C:\Python311\Lib\site-packages\urllib3\connectionpool.py:1045: InsecureRequestWarning: Unverified HTTPS request is being made to host 'jsonplaceholder.typicode.com'. Adding certificate verification is strongly advised. See: https://urllib3.readthedocs.io/en/1.26.x/advanced-usage.html#ssl-warnings
  warnings.warn(</msg>
<msg timestamp="20230307 15:25:00.012" level="INFO">${resp} = &lt;Response [201]&gt;</msg>
<status status="PASS" starttime="20230307 15:24:59.341" endtime="20230307 15:25:00.012"/>
</kw>
<kw name="Log" library="BuiltIn">
<arg>${resp.json()}</arg>
<doc>Logs the given message with the given level.</doc>
<msg timestamp="20230307 15:25:00.016" level="INFO">{'UserID': 555, 'body': 'Json file content body', 'title': 'Json file read task', 'id': 101}</msg>
<status status="PASS" starttime="20230307 15:25:00.013" endtime="20230307 15:25:00.016"/>
</kw>
<status status="PASS" starttime="20230307 15:24:59.338" endtime="20230307 15:25:00.017"/>
</test>
<test id="s1-t4" name="Create Session Test and Validate" line="32">
<kw name="Create Session" library="RequestsLibrary">
<arg>${session_name}</arg>
<arg>${api_url}</arg>
<doc>Create Session: create a HTTP session to a server</doc>
<msg timestamp="20230307 15:25:00.020" level="INFO">Creating Session using : alias=google, url=https://www.google.com, headers={},                     cookies={}, auth=None, timeout=None, proxies=None, verify=False,                     debug=0 </msg>
<status status="PASS" starttime="20230307 15:25:00.019" endtime="20230307 15:25:00.020"/>
</kw>
<kw name="Create Session" library="RequestsLibrary">
<arg>jsonplaceholder</arg>
<arg>${protocol}://${server2}</arg>
<doc>Create Session: create a HTTP session to a server</doc>
<msg timestamp="20230307 15:25:00.022" level="INFO">Creating Session using : alias=jsonplaceholder, url=https://jsonplaceholder.typicode.com, headers={},                     cookies={}, auth=None, timeout=None, proxies=None, verify=False,                     debug=0 </msg>
<status status="PASS" starttime="20230307 15:25:00.021" endtime="20230307 15:25:00.022"/>
</kw>
<kw name="GET On Session" library="RequestsLibrary">
<var>${resp_google}</var>
<arg>${session_name}</arg>
<arg>/</arg>
<arg>expected_status=200</arg>
<doc>Sends a GET request on a previously created HTTP Session.</doc>
<msg timestamp="20230307 15:25:00.645" level="INFO">GET Request : url=https://www.google.com/ 
 path_url=/ 
 headers={'User-Agent': 'python-requests/2.28.2', 'Accept-Encoding': 'gzip, deflate', 'Accept': '*/*', 'Connection': 'keep-alive'} 
 body=None 
 </msg>
<msg timestamp="20230307 15:25:00.645" level="INFO">GET Response : url=https://www.google.com/ 
 status=200, reason=OK 
 headers={'Date': 'Tue, 07 Mar 2023 09:58:52 GMT', 'Expires': '-1', 'Cache-Control': 'private, max-age=0', 'Content-Type': 'text/html; charset=ISO-8859-1', 'P3P': 'CP="This is not a P3P policy! See g.co/p3phelp for more info."', 'Content-Encoding': 'gzip', 'Server': 'gws', 'X-XSS-Protection': '0', 'X-Frame-Options': 'SAMEORIGIN', 'Set-Cookie': '1P_JAR=2023-03-07-09; expires=Thu, 06-Apr-2023 09:58:52 GMT; path=/; domain=.google.com; Secure, AEC=ARSKqsK4Y7nXWIa4mAP_-wBUqu34fS4STtdUegBKT9ZRT8pdCsoFzEllTg; expires=Sun, 03-Sep-2023 09:58:52 GMT; path=/; domain=.google.com; Secure; HttpOnly; SameSite=lax, NID=511=jcfcRsNxHYw2T7n-QN_CkFZaBZtyFXRrSI1F0CjyJ0-UrEzU2Qwqq-dT2yBMrKi_DuvXDeyrXL6jb7LSNOhx9kh6PxW4T7FJJh3OLBFSocPnBY-iWz74aS14Rq4jON8inmlUD5mpmCUvjDQZOOq3N0L29sPGwLPHvJLQdHUAdeA; expires=Wed, 06-Sep-2023 09:58:52 GMT; path=/; domain=.google.com; HttpOnly', 'Alt-Svc': 'h3=":443"; ma=2592000,h3-29=":443"; ma=2592000', 'Transfer-Encoding': 'chunked'} 
 body=&lt;!doctype html&gt;&lt;html itemscope="" itemtype="http://schema.org/WebPage" lang="en-IN"&gt;&lt;head&gt;&lt;meta content="text/html; charset=UTF-8" http-equiv="Content-Type"&gt;&lt;meta content="/images/branding/googleg/1x/googleg_standard_color_128dp.png" itemprop="image"&gt;&lt;title&gt;Google&lt;/title&gt;&lt;script nonce="lG9Q8pdIWLIv49LVzrM8Qg"&gt;(function(){window.google={kEI:'3AoHZIgFqovk5Q_q4ZbgBg',kEXPI:'0,18168,682889,658352,6058,207,4804,2316,383,246,5,1129120,1197791,775,379925,16114,28684,22431,1361,12314,2821,14764,4998,13228,3847,38444,889,1983,2891,11754,606,30668,30022,2614,13142,3,346,230,1014,1,5445,148,11323,2652,4,1528,2304,29062,13064,13659,4437,9358,7428,5818,2539,4094,17,7579,1,42157,2,14019,2715,23024,5679,1021,14865,16256,4569,6252,23424,1252,5835,14968,4332,8,4236,3240,445,2,2,1,24626,2006,8155,7381,2,1477,14491,872,19634,7,1922,5784,2050,1945,12415,8976,388,1108,13267,6305,2007,18191,11814,8323,14,82,4641,8691,6874,1622,1778,4977,3787,935,3656,5230,1283,721,7763,988,3030,427,5683,1411,20,3,867,136,789,1760,55,4665,1296,508,563,6977,10,184,495,1150,1088,5,1648,109,96,907,124,2456,31,10991,5426,98,117,4,29,212,2,375,1584,587,1565,2044,669,1,1169,1582,693,146,645,77,196,598,1767,970,48,894,218,87,77,302,474,834,563,5721,57,223,3499,154,229,83,2,163,6,112,300,94,51,53,3,3,429,143,128,53,164,219,122,67,602,4,132,752,25,228,585,913,3,699,291,904,456,71,5,20,654,368,1368,345,532,34,3,374,147,544,132,203,93,378,380,64,149,4,4,371,355,996,2,217,408,871,347,280,1643,80,1558,5226727,5932,286,49,361,8798482,3311,141,801,19729,1,1,346,23651294,299190,4042143,1964,16673,2893,512,5738,5878,6683,1540,1363',kBL:'a2nQ'};google.sn='webhp';google.kHL='en-IN';})();(function(){
var f=this||self;var h,k=[];function l(a){for(var b;a&amp;&amp;(!a.getAttribute||!(b=a.getAttribute("eid")));)a=a.parentNode;return b||h}function m(a){for(var b=null;a&amp;&amp;(!a.getAttribute||!(b=a.getAttribute("leid")));)a=a.parentNode;return b}
function n(a,b,c,d,g){var e="";c||-1!==b.search("&amp;ei=")||(e="&amp;ei="+l(d),-1===b.search("&amp;lei=")&amp;&amp;(d=m(d))&amp;&amp;(e+="&amp;lei="+d));d="";!c&amp;&amp;f._cshid&amp;&amp;-1===b.search("&amp;cshid=")&amp;&amp;"slh"!==a&amp;&amp;(d="&amp;cshid="+f._cshid);c=c||"/"+(g||"gen_204")+"?atyp=i&amp;ct="+a+"&amp;cad="+b+e+"&amp;zx="+Date.now()+d;/^http:/i.test(c)&amp;&amp;"https:"===window.location.protocol&amp;&amp;(google.ml&amp;&amp;google.ml(Error("a"),!1,{src:c,glmm:1}),c="");return c};h=google.kEI;google.getEI=l;google.getLEI=m;google.ml=function(){return null};google.log=function(a,b,c,d,g){if(c=n(a,b,c,d,g)){a=new Image;var e=k.length;k[e]=a;a.onerror=a.onload=a.onabort=function(){delete k[e]};a.src=c}};google.logUrl=n;}).call(this);(function(){google.y={};google.sy=[];google.x=function(a,b){if(a)var c=a.id;else{do c=Math.random();while(google.y[c])}google.y[c]=[a,b];return!1};google.sx=function(a){google.sy.push(a)};google.lm=[];google.plm=function(a){google.lm.push.apply(google.lm,a)};google.lq=[];google.load=function(a,b,c){google.lq.push([[a],b,c])};google.loadAll=function(a,b){google.lq.push([a,b])};google.bx=!1;google.lx=function(){};}).call(this);google.f={};(function(){
document.documentElement.addEventListener("submit",function(b){var a;if(a=b.target){var c=a.getAttribute("data-submitfalse");a="1"===c||"q"===c&amp;&amp;!a.elements.q.value?!0:!1}else a=!1;a&amp;&amp;(b.preventDefault(),b.stopPropagation())},!0);document.documentElement.addEventListener("click",function(b){var a;a:{for(a=b.target;a&amp;&amp;a!==document.documentElement;a=a.parentElement)if("A"===a.tagName){a="1"===a.getAttribute("data-nohref");break a}a=!1}a&amp;&amp;b.preventDefault()},!0);}).call(this);&lt;/script&gt;&lt;style&gt;#gbar,#guser{font-size:13px;padding-top:1px !important;}#gbar{height:22px}#guser{padding-bottom:7px !important;text-align:right}.gbh,.gbd{border-top:1px solid #c9d7f1;font-size:1px}.gbh{height:0;position:absolute;top:24px;width:100%}@media all{.gb1{height:22px;margin-right:.5em;vertical-align:top}#gbar{float:left}}a.gb1,a.gb4{text-decoration:underline !important}a.gb1,a.gb4{color:#00c !important}.gbi .gb4{color:#dd8e27 !important}.gbf .gb4{color:#900 !important}
&lt;/style&gt;&lt;style&gt;body,td,a,p,.h{font-family:arial,sans-serif}body{margin:0;overflow-y:scroll}#gog{padding:3px 8px 0}td{line-height:.8em}.gac_m td{line-height:17px}form{margin-bottom:20px}.h{color:#1558d6}em{font-weight:bold;font-style:normal}.lst{height:25px;width:496px}.gsfi,.lst{font:18px arial,sans-serif}.gsfs{font:17px arial,sans-serif}.ds{display:inline-box;display:inline-block;margin:3px 0 4px;margin-left:4px}input{font-family:inherit}body{background:#fff;color:#000}a{color:#4b11a8;text-decoration:none}a:hover,a:active{text-decoration:underline}.fl a{color:#1558d6}a:visited{color:#4b11a8}.sblc{padding-top:5px}.sblc a{display:block;margin:2px 0;margin-left:13px;font-size:11px}.lsbb{background:#f8f9fa;border:solid 1px;border-color:#dadce0 #70757a #70757a #dadce0;height:30px}.lsbb{display:block}#WqQANb a{display:inline-block;margin:0 12px}.lsb{background:url(/images/nav_logo229.png) 0 -261px repeat-x;border:none;color:#000;cursor:pointer;height:30px;margin:0;outline:0;font:15px arial,sans-serif;vertical-align:top}.lsb:active{background:#dadce0}.lst:focus{outline:none}&lt;/style&gt;&lt;script nonce="lG9Q8pdIWLIv49LVzrM8Qg"&gt;(function(){window.google.erd={jsr:1,bv:1754,de:true};
var h=this||self;var k,l=null!=(k=h.mei)?k:1,n,p=null!=(n=h.sdo)?n:!0,q=0,r,t=google.erd,v=t.jsr;google.ml=function(a,b,d,m,e){e=void 0===e?2:e;b&amp;&amp;(r=a&amp;&amp;a.message);if(google.dl)return google.dl(a,e,d),null;if(0&gt;v){window.console&amp;&amp;console.error(a,d);if(-2===v)throw a;b=!1}else b=!a||!a.message||"Error loading script"===a.message||q&gt;=l&amp;&amp;!m?!1:!0;if(!b)return null;q++;d=d||{};b=encodeURIComponent;var c="/gen_204?atyp=i&amp;ei="+b(google.kEI);google.kEXPI&amp;&amp;(c+="&amp;jexpid="+b(google.kEXPI));c+="&amp;srcpg="+b(google.sn)+"&amp;jsr="+b(t.jsr)+"&amp;bver="+b(t.bv);var f=a.lineNumber;void 0!==f&amp;&amp;(c+="&amp;line="+f);var g=
a.fileName;g&amp;&amp;(0&lt;g.indexOf("-extension:/")&amp;&amp;(e=3),c+="&amp;script="+b(g),f&amp;&amp;g===window.location.href&amp;&amp;(f=document.documentElement.outerHTML.split("\n")[f],c+="&amp;cad="+b(f?f.substring(0,300):"No script found.")));c+="&amp;jsel="+e;for(var u in d)c+="&amp;",c+=b(u),c+="=",c+=b(d[u]);c=c+"&amp;emsg="+b(a.name+": "+a.message);c=c+"&amp;jsst="+b(a.stack||"N/A");12288&lt;=c.length&amp;&amp;(c=c.substr(0,12288));a=c;m||google.log(0,"",a);return a};window.onerror=function(a,b,d,m,e){r!==a&amp;&amp;(a=e instanceof Error?e:Error(a),void 0===d||"lineNumber"in a||(a.lineNumber=d),void 0===b||"fileName"in a||(a.fileName=b),google.ml(a,!1,void 0,!1,"SyntaxError"===a.name||"SyntaxError"===a.message.substring(0,11)||-1!==a.message.indexOf("Script error")?3:0));r=null;p&amp;&amp;q&gt;=l&amp;&amp;(window.onerror=null)};})();&lt;/script&gt;&lt;/head&gt;&lt;body bgcolor="#fff"&gt;&lt;script nonce="lG9Q8pdIWLIv49LVzrM8Qg"&gt;(function(){var src='/images/nav_logo229.png';var iesg=false;document.body.onload = function(){window.n &amp;&amp; window.n();if (document.images){new Image().src=src;}
if (!iesg){document.f&amp;&amp;document.f.q.focus();document.gbqf&amp;&amp;document.gbqf.q.focus();}
}
})();&lt;/script&gt;&lt;div id="mngb"&gt;&lt;div id=gbar&gt;&lt;nobr&gt;&lt;b class=gb1&gt;Search&lt;/b&gt; &lt;a class=gb1 href="https://www.google.co.in/imghp?hl=en&amp;tab=wi"&gt;Images&lt;/a&gt; &lt;a class=gb1 href="https://maps.google.co.in/maps?hl=en&amp;tab=wl"&gt;Maps&lt;/a&gt; &lt;a class=gb1 href="https://play.google.com/?hl=en&amp;tab=w8"&gt;Play&lt;/a&gt; &lt;a class=gb1 href="https://www.youtube.com/?tab=w1"&gt;YouTube&lt;/a&gt; &lt;a class=gb1 href="https://news.google.com/?tab=wn"&gt;News&lt;/a&gt; &lt;a class=gb1 href="https://mail.google.com/mail/?tab=wm"&gt;Gmail&lt;/a&gt; &lt;a class=gb1 href="https://drive.google.com/?tab=wo"&gt;Drive&lt;/a&gt; &lt;a class=gb1 style="text-decoration:none" href="https://www.google.co.in/intl/en/about/products?tab=wh"&gt;&lt;u&gt;More&lt;/u&gt; &amp;raquo;&lt;/a&gt;&lt;/nobr&gt;&lt;/div&gt;&lt;div id=guser width=100%&gt;&lt;nobr&gt;&lt;span id=gbn class=gbi&gt;&lt;/span&gt;&lt;span id=gbf class=gbf&gt;&lt;/span&gt;&lt;span id=gbe&gt;&lt;/span&gt;&lt;a href="http://www.google.co.in/history/optout?hl=en" class=gb4&gt;Web History&lt;/a&gt; | &lt;a  href="/preferences?hl=en" class=gb4&gt;Settings&lt;/a&gt; | &lt;a target=_top id=gb_70 href="https://accounts.google.com/ServiceLogin?hl=en&amp;passive=true&amp;continue=https://www.google.com/&amp;ec=GAZAAQ" class=gb4&gt;Sign in&lt;/a&gt;&lt;/nobr&gt;&lt;/div&gt;&lt;div class=gbh style=left:0&gt;&lt;/div&gt;&lt;div class=gbh style=right:0&gt;&lt;/div&gt;&lt;/div&gt;&lt;center&gt;&lt;br clear="all" id="lgpd"&gt;&lt;div id="lga"&gt;&lt;img alt="Google" height="92" src="/images/branding/googlelogo/1x/googlelogo_white_background_color_272x92dp.png" style="padding:28px 0 14px" width="272" id="hplogo"&gt;&lt;br&gt;&lt;br&gt;&lt;/div&gt;&lt;form action="/search" name="f"&gt;&lt;table cellpadding="0" cellspacing="0"&gt;&lt;tr valign="top"&gt;&lt;td width="25%"&gt;&amp;nbsp;&lt;/td&gt;&lt;td align="center" nowrap=""&gt;&lt;input name="ie" value="ISO-8859-1" type="hidden"&gt;&lt;input value="en-IN" name="hl" type="hidden"&gt;&lt;input name="source" type="hidden" value="hp"&gt;&lt;input name="biw" type="hidden"&gt;&lt;input name="bih" type="hidden"&gt;&lt;div class="ds" style="height:32px;margin:4px 0"&gt;&lt;input class="lst" style="margin:0;padding:5px 8px 0 6px;vertical-align:top;color:#000" autocomplete="off" value="" title="Google Search" maxlength="2048" name="q" size="57"&gt;&lt;/div&gt;&lt;br style="line-height:0"&gt;&lt;span class="ds"&gt;&lt;span class="lsbb"&gt;&lt;input class="lsb" value="Google Search" name="btnG" type="submit"&gt;&lt;/span&gt;&lt;/span&gt;&lt;span class="ds"&gt;&lt;span class="lsbb"&gt;&lt;input class="lsb" id="tsuid_1" value="I'm Feeling Lucky" name="btnI" type="submit"&gt;&lt;script nonce="lG9Q8pdIWLIv49LVzrM8Qg"&gt;(function(){var id='tsuid_1';document.getElementById(id).onclick = function(){if (this.form.q.value){this.checked = 1;if (this.form.iflsig)this.form.iflsig.disabled = false;}
else top.location='/doodles/';};})();&lt;/script&gt;&lt;input value="AK50M_UAAAAAZAcY7Pk23pA_p2UUrgv_fFLfpZILk4Xj" name="iflsig" type="hidden"&gt;&lt;/span&gt;&lt;/span&gt;&lt;/td&gt;&lt;td class="fl sblc" align="left" nowrap="" width="25%"&gt;&lt;a href="/advanced_search?hl=en-IN&amp;amp;authuser=0"&gt;Advanced search&lt;/a&gt;&lt;/td&gt;&lt;/tr&gt;&lt;/table&gt;&lt;input id="gbv" name="gbv" type="hidden" value="1"&gt;&lt;script nonce="lG9Q8pdIWLIv49LVzrM8Qg"&gt;(function(){var a,b="1";if(document&amp;&amp;document.getElementById)if("undefined"!=typeof XMLHttpRequest)b="2";else if("undefined"!=typeof ActiveXObject){var c,d,e=["MSXML2.XMLHTTP.6.0","MSXML2.XMLHTTP.3.0","MSXML2.XMLHTTP","Microsoft.XMLHTTP"];for(c=0;d=e[c++];)try{new ActiveXObject(d),b="2"}catch(h){}}a=b;if("2"==a&amp;&amp;-1=... (set the log level to DEBUG or TRACE to see the full content) 
 </msg>
<msg timestamp="20230307 15:25:00.646" level="INFO">C:\Python311\Lib\site-packages\urllib3\connectionpool.py:1045: InsecureRequestWarning: Unverified HTTPS request is being made to host 'www.google.com'. Adding certificate verification is strongly advised. See: https://urllib3.readthedocs.io/en/1.26.x/advanced-usage.html#ssl-warnings
  warnings.warn(</msg>
<msg timestamp="20230307 15:25:00.647" level="INFO">${resp_google} = &lt;Response [200]&gt;</msg>
<status status="PASS" starttime="20230307 15:25:00.023" endtime="20230307 15:25:00.647"/>
</kw>
<kw name="GET On Session" library="RequestsLibrary">
<var>${resp_json}</var>
<arg>${session_json}</arg>
<arg>/posts</arg>
<arg>expected_status=200</arg>
<doc>Sends a GET request on a previously created HTTP Session.</doc>
<msg timestamp="20230307 15:25:00.758" level="INFO">GET Request : url=https://jsonplaceholder.typicode.com/posts 
 path_url=/posts 
 headers={'User-Agent': 'python-requests/2.28.2', 'Accept-Encoding': 'gzip, deflate', 'Accept': '*/*', 'Connection': 'keep-alive'} 
 body=None 
 </msg>
<msg timestamp="20230307 15:25:00.758" level="INFO">GET Response : url=https://jsonplaceholder.typicode.com/posts 
 status=200, reason=OK 
 headers={'Date': 'Tue, 07 Mar 2023 09:58:52 GMT', 'Content-Type': 'application/json; charset=utf-8', 'Transfer-Encoding': 'chunked', 'Connection': 'keep-alive', 'X-Powered-By': 'Express', 'X-Ratelimit-Limit': '1000', 'X-Ratelimit-Remaining': '999', 'X-Ratelimit-Reset': '1676029403', 'Vary': 'Origin, Accept-Encoding', 'Access-Control-Allow-Credentials': 'true', 'Cache-Control': 'max-age=43200', 'Pragma': 'no-cache', 'Expires': '-1', 'X-Content-Type-Options': 'nosniff', 'Etag': 'W/"6b80-Ybsq/K6GwwqrYkAsFxqDXGC7DoM"', 'Content-Encoding': 'gzip', 'Via': '1.1 vegur', 'CF-Cache-Status': 'HIT', 'Age': '13970', 'Server-Timing': 'cf-q-config;dur=4.9999998736894e-06', 'Report-To': '{"endpoints":[{"url":"https:\\/\\/a.nel.cloudflare.com\\/report\\/v3?s=8dQf2tOEprRta6QiED3V8VDEiU8%2B7CdC%2Futgm3DqnhSOxyDb2gTb0w6U3LzTDVZqqAXKt1dTJAmStoTyPar9iP8lOXA%2FDPlEtTkoAPkwfFJgehaQMe64YlwSIPJj3Qb7EIMijQp1BUXUY7l4RyEE"}],"group":"cf-nel","max_age":604800}', 'NEL': '{"success_fraction":0,"report_to":"cf-nel","max_age":604800}', 'Server': 'cloudflare', 'CF-RAY': '7a41fb81cfaf31d6-BOM', 'alt-svc': 'h3=":443"; ma=86400, h3-29=":443"; ma=86400'} 
 body=[
  {
    "userId": 1,
    "id": 1,
    "title": "sunt aut facere repellat provident occaecati excepturi optio reprehenderit",
    "body": "quia et suscipit\nsuscipit recusandae consequuntur expedita et cum\nreprehenderit molestiae ut ut quas totam\nnostrum rerum est autem sunt rem eveniet architecto"
  },
  {
    "userId": 1,
    "id": 2,
    "title": "qui est esse",
    "body": "est rerum tempore vitae\nsequi sint nihil reprehenderit dolor beatae ea dolores neque\nfugiat blanditiis voluptate porro vel nihil molestiae ut reiciendis\nqui aperiam non debitis possimus qui neque nisi nulla"
  },
  {
    "userId": 1,
    "id": 3,
    "title": "ea molestias quasi exercitationem repellat qui ipsa sit aut",
    "body": "et iusto sed quo iure\nvoluptatem occaecati omnis eligendi aut ad\nvoluptatem doloribus vel accusantium quis pariatur\nmolestiae porro eius odio et labore et velit aut"
  },
  {
    "userId": 1,
    "id": 4,
    "title": "eum et est occaecati",
    "body": "ullam et saepe reiciendis voluptatem adipisci\nsit amet autem assumenda provident rerum culpa\nquis hic commodi nesciunt rem tenetur doloremque ipsam iure\nquis sunt voluptatem rerum illo velit"
  },
  {
    "userId": 1,
    "id": 5,
    "title": "nesciunt quas odio",
    "body": "repudiandae veniam quaerat sunt sed\nalias aut fugiat sit autem sed est\nvoluptatem omnis possimus esse voluptatibus quis\nest aut tenetur dolor neque"
  },
  {
    "userId": 1,
    "id": 6,
    "title": "dolorem eum magni eos aperiam quia",
    "body": "ut aspernatur corporis harum nihil quis provident sequi\nmollitia nobis aliquid molestiae\nperspiciatis et ea nemo ab reprehenderit accusantium quas\nvoluptate dolores velit et doloremque molestiae"
  },
  {
    "userId": 1,
    "id": 7,
    "title": "magnam facilis autem",
    "body": "dolore placeat quibusdam ea quo vitae\nmagni quis enim qui quis quo nemo aut saepe\nquidem repellat excepturi ut quia\nsunt ut sequi eos ea sed quas"
  },
  {
    "userId": 1,
    "id": 8,
    "title": "dolorem dolore est ipsam",
    "body": "dignissimos aperiam dolorem qui eum\nfacilis quibusdam animi sint suscipit qui sint possimus cum\nquaerat magni maiores excepturi\nipsam ut commodi dolor voluptatum modi aut vitae"
  },
  {
    "userId": 1,
    "id": 9,
    "title": "nesciunt iure omnis dolorem tempora et accusantium",
    "body": "consectetur animi nesciunt iure dolore\nenim quia ad\nveniam autem ut quam aut nobis\net est aut quod aut provident voluptas autem voluptas"
  },
  {
    "userId": 1,
    "id": 10,
    "title": "optio molestias id quia eum",
    "body": "quo et expedita modi cum officia vel magni\ndoloribus qui repudiandae\nvero nisi sit\nquos veniam quod sed accusamus veritatis error"
  },
  {
    "userId": 2,
    "id": 11,
    "title": "et ea vero quia laudantium autem",
    "body": "delectus reiciendis molestiae occaecati non minima eveniet qui voluptatibus\naccusamus in eum beatae sit\nvel qui neque voluptates ut commodi qui incidunt\nut animi commodi"
  },
  {
    "userId": 2,
    "id": 12,
    "title": "in quibusdam tempore odit est dolorem",
    "body": "itaque id aut magnam\npraesentium quia et ea odit et ea voluptas et\nsapiente quia nihil amet occaecati quia id voluptatem\nincidunt ea est distinctio odio"
  },
  {
    "userId": 2,
    "id": 13,
    "title": "dolorum ut in voluptas mollitia et saepe quo animi",
    "body": "aut dicta possimus sint mollitia voluptas commodi quo doloremque\niste corrupti reiciendis voluptatem eius rerum\nsit cumque quod eligendi laborum minima\nperferendis recusandae assumenda consectetur porro architecto ipsum ipsam"
  },
  {
    "userId": 2,
    "id": 14,
    "title": "voluptatem eligendi optio",
    "body": "fuga et accusamus dolorum perferendis illo voluptas\nnon doloremque neque facere\nad qui dolorum molestiae beatae\nsed aut voluptas totam sit illum"
  },
  {
    "userId": 2,
    "id": 15,
    "title": "eveniet quod temporibus",
    "body": "reprehenderit quos placeat\nvelit minima officia dolores impedit repudiandae molestiae nam\nvoluptas recusandae quis delectus\nofficiis harum fugiat vitae"
  },
  {
    "userId": 2,
    "id": 16,
    "title": "sint suscipit perspiciatis velit dolorum rerum ipsa laboriosam odio",
    "body": "suscipit nam nisi quo aperiam aut\nasperiores eos fugit maiores voluptatibus quia\nvoluptatem quis ullam qui in alias quia est\nconsequatur magni mollitia accusamus ea nisi voluptate dicta"
  },
  {
    "userId": 2,
    "id": 17,
    "title": "fugit voluptas sed molestias voluptatem provident",
    "body": "eos voluptas et aut odit natus earum\naspernatur fuga molestiae ullam\ndeserunt ratione qui eos\nqui nihil ratione nemo velit ut aut id quo"
  },
  {
    "userId": 2,
    "id": 18,
    "title": "voluptate et itaque vero tempora molestiae",
    "body": "eveniet quo quis\nlaborum totam consequatur non dolor\nut et est repudiandae\nest voluptatem vel debitis et magnam"
  },
  {
    "userId": 2,
    "id": 19,
    "title": "adipisci placeat illum aut reiciendis qui",
    "body": "illum quis cupiditate provident sit magnam\nea sed aut omnis\nveniam maiores ullam consequatur atque\nadipisci quo iste expedita sit quos voluptas"
  },
  {
    "userId": 2,
    "id": 20,
    "title": "doloribus ad provident suscipit at",
    "body": "qui consequuntur ducimus possimus quisquam amet similique\nsuscipit porro ipsam amet\neos veritatis officiis exercitationem vel fugit aut necessitatibus totam\nomnis rerum consequatur expedita quidem cumque explicabo"
  },
  {
    "userId": 3,
    "id": 21,
    "title": "asperiores ea ipsam voluptatibus modi minima quia sint",
    "body": "repellat aliquid praesentium dolorem quo\nsed totam minus non itaque\nnihil labore molestiae sunt dolor eveniet hic recusandae veniam\ntempora et tenetur expedita sunt"
  },
  {
    "userId": 3,
    "id": 22,
    "title": "dolor sint quo a velit explicabo quia nam",
    "body": "eos qui et ipsum ipsam suscipit aut\nsed omnis non odio\nexpedita earum mollitia molestiae aut atque rem suscipit\nnam impedit esse"
  },
  {
    "userId": 3,
    "id": 23,
    "title": "maxime id vitae nihil numquam",
    "body": "veritatis unde neque eligendi\nquae quod architecto quo neque vitae\nest illo sit tempora doloremque fugit quod\net et vel beatae sequi ullam sed tenetur perspiciatis"
  },
  {
    "userId": 3,
    "id": 24,
    "title": "autem hic labore sunt dolores incidunt",
    "body": "enim et ex nulla\nomnis voluptas quia qui\nvoluptatem consequatur numquam aliquam sunt\ntotam recusandae id dignissimos aut sed asperiores deserunt"
  },
  {
    "userId": 3,
    "id": 25,
    "title": "rem alias distinctio quo quis",
    "body": "ullam consequatur ut\nomnis quis sit vel consequuntur\nipsa eligendi ipsum molestiae et omnis error nostrum\nmolestiae illo tempore quia et distinctio"
  },
  {
    "userId": 3,
    "id": 26,
    "title": "est et quae odit qui non",
    "body": "similique esse doloribus nihil accusamus\nomnis dolorem fuga consequuntur reprehenderit fugit recusandae temporibus\nperspiciatis cum ut laudantium\nomnis aut molestiae vel vero"
  },
  {
    "userId": 3,
    "id": 27,
    "title": "quasi id et eos tenetur aut quo autem",
    "body": "eum sed dolores ipsam sint possimus debitis occaecati\ndebitis qui qui et\nut placeat enim earum aut odit facilis\nconsequatur suscipit necessitatibus rerum sed inventore temporibus consequatur"
  },
  {
    "userId": 3,
    "id": 28,
    "title": "delectus ullam et corporis nulla voluptas sequi",
    "body": "non et quaerat ex quae ad maiores\nmaiores recusandae totam aut blanditiis mollitia quas illo\nut voluptatibus voluptatem\nsimilique nostrum eum"
  },
  {
    "userId": 3,
    "id": 29,
    "title": "iusto eius quod necessitatibus culpa ea",
    "body": "odit magnam ut saepe sed non qui\ntempora atque nihil\naccusamus illum doloribus illo dolor\neligendi repudiandae odit magni similique sed cum maiores"
  },
  {
    "userId": 3,
    "id": 30,
    "title": "a quo magni similique perferendis",
    "body": "alias dolor cumque\nimpedit blanditiis non eveniet odio maxime\nblanditiis amet eius quis tempora quia autem rem\na provident perspiciatis quia"
  },
  {
    "userId": 4,
    "id": 31,
    "title": "ullam ut quidem id aut vel consequuntur",
    "body": "debitis eius sed quibusdam non quis consectetur vitae\nimpedit ut qui consequatur sed aut in\nquidem sit nostrum et maiores adipisci atque\nquaerat voluptatem adipisci repudiandae"
  },
  {
    "userId": 4,
    "id": 32,
    "title": "doloremque illum aliquid sunt",
    "body": "deserunt eos nobis asperiores et hic\nest debitis repellat molestiae optio\nnihil ratione ut eos beatae quibusdam distinctio maiores\nearum voluptates et aut adipisci ea maiores voluptas maxime"
  },
  {
    "userId": 4,
    "id": 33,
    "title": "qui explicabo molestiae dolorem",
    "body": "rerum ut et numquam laborum odit est sit\nid qui sint in\nquasi tenetur tempore aperiam et quaerat qui in\nrerum officiis sequi cumque quod"
  },
  {
    "userId": 4,
    "id": 34,
    "title": "magnam ut rerum iure",
    "body": "ea velit perferendis earum ut voluptatem voluptate itaque iusto\ntotam pariatur in\nnemo voluptatem voluptatem autem magni tempora minima in\nest distinctio qui assumenda accusamus dignissimos officia nesciunt nobis"
  },
  {
    "userId": 4,
    "id": 35,
    "title": "id nihil consequatur molestias animi provident",
    "body": "nisi error delectus possimus ut eligendi vitae\nplaceat eos harum cupiditate facilis reprehenderit voluptatem beatae\nmodi ducimus quo illum voluptas eligendi\net nobis quia fugit"
  },
  {
    "userId": 4,
    "id": 36,
    "title": "fuga nam accusamus voluptas reiciendis itaque",
    "body": "ad mollitia et omnis minus architecto odit\nvoluptas doloremque maxime aut non ipsa qui alias veniam\nblanditiis culpa aut quia nihil cumque facere et occaecati\nqui aspernatur quia eaque ut aperiam inventore"
  },
  {
    "userId": 4,
    "id": 37,
    "title": "provident vel ut sit ratione est... (set the log level to DEBUG or TRACE to see the full content) 
 </msg>
<msg timestamp="20230307 15:25:00.758" level="INFO">C:\Python311\Lib\site-packages\urllib3\connectionpool.py:1045: InsecureRequestWarning: Unverified HTTPS request is being made to host 'jsonplaceholder.typicode.com'. Adding certificate verification is strongly advised. See: https://urllib3.readthedocs.io/en/1.26.x/advanced-usage.html#ssl-warnings
  warnings.warn(</msg>
<msg timestamp="20230307 15:25:00.758" level="INFO">${resp_json} = &lt;Response [200]&gt;</msg>
<status status="PASS" starttime="20230307 15:25:00.647" endtime="20230307 15:25:00.758"/>
</kw>
<kw name="Log" library="BuiltIn">
<arg>${resp_json}</arg>
<doc>Logs the given message with the given level.</doc>
<msg timestamp="20230307 15:25:00.759" level="INFO">&lt;Response [200]&gt;</msg>
<status status="PASS" starttime="20230307 15:25:00.759" endtime="20230307 15:25:00.759"/>
</kw>
<kw name="Log" library="BuiltIn">
<arg>${resp_google}</arg>
<doc>Logs the given message with the given level.</doc>
<msg timestamp="20230307 15:25:00.760" level="INFO">&lt;Response [200]&gt;</msg>
<status status="PASS" starttime="20230307 15:25:00.759" endtime="20230307 15:25:00.760"/>
</kw>
<kw name="Log" library="BuiltIn">
<arg>${resp_json.json()}</arg>
<doc>Logs the given message with the given level.</doc>
<msg timestamp="20230307 15:25:00.761" level="INFO">[{'userId': 1, 'id': 1, 'title': 'sunt aut facere repellat provident occaecati excepturi optio reprehenderit', 'body': 'quia et suscipit\nsuscipit recusandae consequuntur expedita et cum\nreprehenderit molestiae ut ut quas totam\nnostrum rerum est autem sunt rem eveniet architecto'}, {'userId': 1, 'id': 2, 'title': 'qui est esse', 'body': 'est rerum tempore vitae\nsequi sint nihil reprehenderit dolor beatae ea dolores neque\nfugiat blanditiis voluptate porro vel nihil molestiae ut reiciendis\nqui aperiam non debitis possimus qui neque nisi nulla'}, {'userId': 1, 'id': 3, 'title': 'ea molestias quasi exercitationem repellat qui ipsa sit aut', 'body': 'et iusto sed quo iure\nvoluptatem occaecati omnis eligendi aut ad\nvoluptatem doloribus vel accusantium quis pariatur\nmolestiae porro eius odio et labore et velit aut'}, {'userId': 1, 'id': 4, 'title': 'eum et est occaecati', 'body': 'ullam et saepe reiciendis voluptatem adipisci\nsit amet autem assumenda provident rerum culpa\nquis hic commodi nesciunt rem tenetur doloremque ipsam iure\nquis sunt voluptatem rerum illo velit'}, {'userId': 1, 'id': 5, 'title': 'nesciunt quas odio', 'body': 'repudiandae veniam quaerat sunt sed\nalias aut fugiat sit autem sed est\nvoluptatem omnis possimus esse voluptatibus quis\nest aut tenetur dolor neque'}, {'userId': 1, 'id': 6, 'title': 'dolorem eum magni eos aperiam quia', 'body': 'ut aspernatur corporis harum nihil quis provident sequi\nmollitia nobis aliquid molestiae\nperspiciatis et ea nemo ab reprehenderit accusantium quas\nvoluptate dolores velit et doloremque molestiae'}, {'userId': 1, 'id': 7, 'title': 'magnam facilis autem', 'body': 'dolore placeat quibusdam ea quo vitae\nmagni quis enim qui quis quo nemo aut saepe\nquidem repellat excepturi ut quia\nsunt ut sequi eos ea sed quas'}, {'userId': 1, 'id': 8, 'title': 'dolorem dolore est ipsam', 'body': 'dignissimos aperiam dolorem qui eum\nfacilis quibusdam animi sint suscipit qui sint possimus cum\nquaerat magni maiores excepturi\nipsam ut commodi dolor voluptatum modi aut vitae'}, {'userId': 1, 'id': 9, 'title': 'nesciunt iure omnis dolorem tempora et accusantium', 'body': 'consectetur animi nesciunt iure dolore\nenim quia ad\nveniam autem ut quam aut nobis\net est aut quod aut provident voluptas autem voluptas'}, {'userId': 1, 'id': 10, 'title': 'optio molestias id quia eum', 'body': 'quo et expedita modi cum officia vel magni\ndoloribus qui repudiandae\nvero nisi sit\nquos veniam quod sed accusamus veritatis error'}, {'userId': 2, 'id': 11, 'title': 'et ea vero quia laudantium autem', 'body': 'delectus reiciendis molestiae occaecati non minima eveniet qui voluptatibus\naccusamus in eum beatae sit\nvel qui neque voluptates ut commodi qui incidunt\nut animi commodi'}, {'userId': 2, 'id': 12, 'title': 'in quibusdam tempore odit est dolorem', 'body': 'itaque id aut magnam\npraesentium quia et ea odit et ea voluptas et\nsapiente quia nihil amet occaecati quia id voluptatem\nincidunt ea est distinctio odio'}, {'userId': 2, 'id': 13, 'title': 'dolorum ut in voluptas mollitia et saepe quo animi', 'body': 'aut dicta possimus sint mollitia voluptas commodi quo doloremque\niste corrupti reiciendis voluptatem eius rerum\nsit cumque quod eligendi laborum minima\nperferendis recusandae assumenda consectetur porro architecto ipsum ipsam'}, {'userId': 2, 'id': 14, 'title': 'voluptatem eligendi optio', 'body': 'fuga et accusamus dolorum perferendis illo voluptas\nnon doloremque neque facere\nad qui dolorum molestiae beatae\nsed aut voluptas totam sit illum'}, {'userId': 2, 'id': 15, 'title': 'eveniet quod temporibus', 'body': 'reprehenderit quos placeat\nvelit minima officia dolores impedit repudiandae molestiae nam\nvoluptas recusandae quis delectus\nofficiis harum fugiat vitae'}, {'userId': 2, 'id': 16, 'title': 'sint suscipit perspiciatis velit dolorum rerum ipsa laboriosam odio', 'body': 'suscipit nam nisi quo aperiam aut\nasperiores eos fugit maiores voluptatibus quia\nvoluptatem quis ullam qui in alias quia est\nconsequatur magni mollitia accusamus ea nisi voluptate dicta'}, {'userId': 2, 'id': 17, 'title': 'fugit voluptas sed molestias voluptatem provident', 'body': 'eos voluptas et aut odit natus earum\naspernatur fuga molestiae ullam\ndeserunt ratione qui eos\nqui nihil ratione nemo velit ut aut id quo'}, {'userId': 2, 'id': 18, 'title': 'voluptate et itaque vero tempora molestiae', 'body': 'eveniet quo quis\nlaborum totam consequatur non dolor\nut et est repudiandae\nest voluptatem vel debitis et magnam'}, {'userId': 2, 'id': 19, 'title': 'adipisci placeat illum aut reiciendis qui', 'body': 'illum quis cupiditate provident sit magnam\nea sed aut omnis\nveniam maiores ullam consequatur atque\nadipisci quo iste expedita sit quos voluptas'}, {'userId': 2, 'id': 20, 'title': 'doloribus ad provident suscipit at', 'body': 'qui consequuntur ducimus possimus quisquam amet similique\nsuscipit porro ipsam amet\neos veritatis officiis exercitationem vel fugit aut necessitatibus totam\nomnis rerum consequatur expedita quidem cumque explicabo'}, {'userId': 3, 'id': 21, 'title': 'asperiores ea ipsam voluptatibus modi minima quia sint', 'body': 'repellat aliquid praesentium dolorem quo\nsed totam minus non itaque\nnihil labore molestiae sunt dolor eveniet hic recusandae veniam\ntempora et tenetur expedita sunt'}, {'userId': 3, 'id': 22, 'title': 'dolor sint quo a velit explicabo quia nam', 'body': 'eos qui et ipsum ipsam suscipit aut\nsed omnis non odio\nexpedita earum mollitia molestiae aut atque rem suscipit\nnam impedit esse'}, {'userId': 3, 'id': 23, 'title': 'maxime id vitae nihil numquam', 'body': 'veritatis unde neque eligendi\nquae quod architecto quo neque vitae\nest illo sit tempora doloremque fugit quod\net et vel beatae sequi ullam sed tenetur perspiciatis'}, {'userId': 3, 'id': 24, 'title': 'autem hic labore sunt dolores incidunt', 'body': 'enim et ex nulla\nomnis voluptas quia qui\nvoluptatem consequatur numquam aliquam sunt\ntotam recusandae id dignissimos aut sed asperiores deserunt'}, {'userId': 3, 'id': 25, 'title': 'rem alias distinctio quo quis', 'body': 'ullam consequatur ut\nomnis quis sit vel consequuntur\nipsa eligendi ipsum molestiae et omnis error nostrum\nmolestiae illo tempore quia et distinctio'}, {'userId': 3, 'id': 26, 'title': 'est et quae odit qui non', 'body': 'similique esse doloribus nihil accusamus\nomnis dolorem fuga consequuntur reprehenderit fugit recusandae temporibus\nperspiciatis cum ut laudantium\nomnis aut molestiae vel vero'}, {'userId': 3, 'id': 27, 'title': 'quasi id et eos tenetur aut quo autem', 'body': 'eum sed dolores ipsam sint possimus debitis occaecati\ndebitis qui qui et\nut placeat enim earum aut odit facilis\nconsequatur suscipit necessitatibus rerum sed inventore temporibus consequatur'}, {'userId': 3, 'id': 28, 'title': 'delectus ullam et corporis nulla voluptas sequi', 'body': 'non et quaerat ex quae ad maiores\nmaiores recusandae totam aut blanditiis mollitia quas illo\nut voluptatibus voluptatem\nsimilique nostrum eum'}, {'userId': 3, 'id': 29, 'title': 'iusto eius quod necessitatibus culpa ea', 'body': 'odit magnam ut saepe sed non qui\ntempora atque nihil\naccusamus illum doloribus illo dolor\neligendi repudiandae odit magni similique sed cum maiores'}, {'userId': 3, 'id': 30, 'title': 'a quo magni similique perferendis', 'body': 'alias dolor cumque\nimpedit blanditiis non eveniet odio maxime\nblanditiis amet eius quis tempora quia autem rem\na provident perspiciatis quia'}, {'userId': 4, 'id': 31, 'title': 'ullam ut quidem id aut vel consequuntur', 'body': 'debitis eius sed quibusdam non quis consectetur vitae\nimpedit ut qui consequatur sed aut in\nquidem sit nostrum et maiores adipisci atque\nquaerat voluptatem adipisci repudiandae'}, {'userId': 4, 'id': 32, 'title': 'doloremque illum aliquid sunt', 'body': 'deserunt eos nobis asperiores et hic\nest debitis repellat molestiae optio\nnihil ratione ut eos beatae quibusdam distinctio maiores\nearum voluptates et aut adipisci ea maiores voluptas maxime'}, {'userId': 4, 'id': 33, 'title': 'qui explicabo molestiae dolorem', 'body': 'rerum ut et numquam laborum odit est sit\nid qui sint in\nquasi tenetur tempore aperiam et quaerat qui in\nrerum officiis sequi cumque quod'}, {'userId': 4, 'id': 34, 'title': 'magnam ut rerum iure', 'body': 'ea velit perferendis earum ut voluptatem voluptate itaque iusto\ntotam pariatur in\nnemo voluptatem voluptatem autem magni tempora minima in\nest distinctio qui assumenda accusamus dignissimos officia nesciunt nobis'}, {'userId': 4, 'id': 35, 'title': 'id nihil consequatur molestias animi provident', 'body': 'nisi error delectus possimus ut eligendi vitae\nplaceat eos harum cupiditate facilis reprehenderit voluptatem beatae\nmodi ducimus quo illum voluptas eligendi\net nobis quia fugit'}, {'userId': 4, 'id': 36, 'title': 'fuga nam accusamus voluptas reiciendis itaque', 'body': 'ad mollitia et omnis minus architecto odit\nvoluptas doloremque maxime aut non ipsa qui alias veniam\nblanditiis culpa aut quia nihil cumque facere et occaecati\nqui aspernatur quia eaque ut aperiam inventore'}, {'userId': 4, 'id': 37, 'title': 'provident vel ut sit ratione est', 'body': 'debitis et eaque non officia sed nesciunt pariatur vel\nvoluptatem iste vero et ea\nnumquam aut expedita ipsum nulla in\nvoluptates omnis consequatur aut enim officiis in quam qui'}, {'userId': 4, 'id': 38, 'title': 'explicabo et eos deleniti nostrum ab id repellendus', 'body': 'animi esse sit aut sit nesciunt assumenda eum voluptas\nquia voluptatibus provident quia necessitatibus ea\nrerum repudiandae quia voluptatem delectus fugit aut id quia\nratione optio eos iusto veniam iure'}, {'userId': 4, 'id': 39, 'title': 'eos dolorem iste accusantium est eaque quam', 'body': 'corporis rerum ducimus vel eum accusantium\nmaxime aspernatur a porro possimus iste omnis\nest in deleniti asperiores fuga aut\nvoluptas sapiente vel dolore minus voluptatem incidunt ex'}, {'userId': 4, 'id': 40, 'title': 'enim quo cumque', 'body': 'ut voluptatum aliquid illo tenetur nemo sequi quo facilis\nipsum rem optio mollitia quas\nvoluptatem eum voluptas qui\nunde omnis voluptatem iure quasi maxime voluptas nam'}, {'userId': 5, 'id': 41, 'title': 'non est facere', 'body': 'molestias id nostrum\nexcepturi molestiae dolore omnis repellendus quaerat saepe\nconsectetur iste quaerat tenetur asperiores accusamus ex ut\nnam quidem est ducimus sunt debitis saepe'}, {'userId': 5, 'id': 42, 'title': 'commodi ullam sint et excepturi error explicabo praesentium voluptas', 'body': 'odio fugit voluptatum ducimus earum autem est incidunt voluptatem\nodit reiciendis aliquam sunt sequi nulla dolorem\nnon facere repellendus voluptates quia\nratione harum vitae ut'}, {'userId': 5, 'id': 43, 'title': 'eligendi iste nostrum consequuntur adipisci praesentium sit beatae perferendis', 'body': 'similique fugit est\nillum et dolorum harum et voluptate eaque quidem\nexercitationem quos nam commodi possimus cum odio nihil nulla\ndolorum exercitationem magnam ex et a et distinctio debitis'}, {'userId': 5, 'id': 44, 'title': 'optio dolor molestias sit', 'body': 'temporibus est consectetur dolore\net libero debitis vel velit laboriosam quia\nipsum quibusdam qui itaque fuga rem aut\nea et iure quam sed maxime ut distinctio quae'}, {'userId': 5, 'id': 45, 'title': 'ut numquam possimus omnis eius suscipit laudantium iure', 'body': 'est natus reiciendis nihil possimus aut provident\nex et dolor\nrepellat pariatur est\nnobis rerum repellendus dolorem autem'}, {'userId': 5, 'id': 46, 'title': 'aut quo modi neque nostrum ducimus', 'body': 'voluptatem quisquam iste\nvoluptatibus natus officiis facilis dolorem\nquis quas ipsam\nvel et voluptatum in aliquid'}, {'userId': 5, 'id': 47, 'title': 'quibusdam cumque rem aut deserunt', 'body': 'voluptatem assumenda ut qui ut cupiditate aut impedit veniam\noccaecati nemo illum voluptatem laudantium\nmolestiae beatae rerum ea iure soluta nostrum\neligendi et voluptate'}, {'userId': 5, 'id': 48, 'title': 'ut voluptatem illum ea doloribus itaque eos', 'body': 'voluptates quo voluptatem facilis iure occaecati\nvel assumenda rerum officia et\nillum perspiciatis ab deleniti\nlaudantium repellat ad ut et autem reprehenderit'}, {'userId': 5, 'id': 49, 'title': 'laborum non sunt aut ut assumenda perspiciatis voluptas', 'body': 'inventore ab sint\nnatus fugit id nulla sequi architecto nihil quaerat\neos tenetur in in eum veritatis non\nquibusdam officiis aspernatur cumque aut commodi aut'}, {'userId': 5, 'id': 50, 'title': 'repellendus qui recusandae incidunt voluptates tenetur qui omnis exercitationem', 'body': 'error suscipit maxime adipisci consequuntur recusandae\nvoluptas eligendi et est et voluptates\nquia distinctio ab amet quaerat molestiae et vitae\nadipisci impedit sequi nesciunt quis consectetur'}, {'userId': 6, 'id': 51, 'title': 'soluta aliquam aperiam consequatur illo quis voluptas', 'body': 'sunt dolores aut doloribus\ndolore doloribus voluptates tempora et\ndoloremque et quo\ncum asperiores sit consectetur dolorem'}, {'userId': 6, 'id': 52, 'title': 'qui enim et consequuntur quia animi quis voluptate quibusdam', 'body': 'iusto est quibusdam fuga quas quaerat molestias\na enim ut sit accusamus enim\ntemporibus iusto accusantium provident architecto\nsoluta esse reprehenderit qui laborum'}, {'userId': 6, 'id': 53, 'title': 'ut quo aut ducimus alias', 'body': 'minima harum praesentium eum rerum illo dolore\nquasi exercitationem rerum nam\nporro quis neque quo\nconsequatur minus dolor quidem veritatis sunt non explicabo similique'}, {'userId': 6, 'id': 54, 'title': 'sit asperiores ipsam eveniet odio non quia', 'body': 'totam corporis dignissimos\nvitae dolorem ut occaecati accusamus\nex velit deserunt\net exercitationem vero incidunt corrupti mollitia'}, {'userId': 6, 'id': 55, 'title': 'sit vel voluptatem et non libero', 'body': 'debitis excepturi ea perferendis harum libero optio\neos accusamus cum fuga ut sapiente repudiandae\net ut incidunt omnis molestiae\nnihil ut eum odit'}, {'userId': 6, 'id': 56, 'title': 'qui et at rerum necessitatibus', 'body': 'aut est omnis dolores\nneque rerum quod ea rerum velit pariatur beatae excepturi\net provident voluptas corrupti\ncorporis harum reprehenderit dolores eligendi'}, {'userId': 6, 'id': 57, 'title': 'sed ab est est', 'body': 'at pariatur consequuntur earum quidem\nquo est laudantium soluta voluptatem\nqui ullam et est\net cum voluptas voluptatum repellat est'}, {'userId': 6, 'id': 58, 'title': 'voluptatum itaque dolores nisi et quasi', 'body': 'veniam voluptatum quae adipisci id\net id quia eos ad et dolorem\naliquam quo nisi sunt eos impedit error\nad similique veniam'}, {'userId': 6, 'id': 59, 'title': 'qui commodi dolor at maiores et quis id accusantium', 'body': 'perspiciatis et quam ea autem temporibus non voluptatibus qui\nbeatae a earum officia nesciunt dolores suscipit voluptas et\nanimi doloribus cum rerum quas et magni\net hic ut ut commodi expedita sunt'}, {'userId': 6, 'id': 60, 'title': 'consequatur placeat omnis quisquam quia reprehenderit fugit veritatis facere', 'body': 'asperiores sunt ab assumenda cumque modi velit\nqui esse omnis\nvoluptate et fuga perferendis voluptas\nillo ratione amet aut et omnis'}, {'userId': 7, 'id': 61, 'title': 'voluptatem doloribus consectetur est ut ducimus', 'body': 'ab nemo optio odio\ndelectus tenetur corporis similique nobis repellendus rerum omnis facilis\nvero blanditiis debitis in nesciunt doloribus dicta dolores\nmagnam minus velit'}, {'userId': 7, 'id': 62, 'title': 'beatae enim quia vel', 'body': 'enim aspernatur illo distinctio quae praesentium\nbeatae alias amet delectus qui voluptate distinctio\nodit sint accusantium autem omnis\nquo molestiae omnis ea eveniet optio'}, {'userId': 7, 'id': 63, 'title': 'voluptas blanditiis repellendus animi ducimus error sapiente et suscipit', 'body': 'enim adipisci aspernatur nemo\nnumquam omnis facere dolorem dolor ex quis temporibus incidunt\nab delectus culpa quo reprehenderit blanditiis asperiores\naccusantium ut quam in voluptatibus voluptas ipsam dicta'}, {'userId': 7, 'id': 64, 'title': 'et fugit quas eum in in aperiam quod', 'body': 'id velit blanditiis\neum ea voluptatem\nmolestiae sint occaecati est eos perspiciatis\nincidunt a error provident eaque aut aut qui'}, {'userId': 7, 'id': 65, 'title': 'consequatur id enim sunt et et', 'body': 'voluptatibus ex esse\nsint explicabo est aliquid cumque adipisci fuga repellat labore\nmolestiae corrupti ex saepe at asperiores et perferendis\nnatus id esse incidunt pariatur'}, {'userId': 7, 'id': 66, 'title': 'repudiandae ea animi iusto', 'body': 'officia veritatis tenetur vero qui itaque\nsint non ratione\nsed et ut asperiores iusto eos molestiae nostrum\nveritatis quibusdam et nemo iusto saepe'}, {'userId': 7, 'id': 67, 'title': 'aliquid eos sed fuga est maxime repellendus', 'body': 'reprehenderit id nostrum\nvoluptas doloremque pariatur sint et accusantium quia quod aspernatur\net fugiat amet\nnon sapiente et consequatur necessitatibus molestiae'}, {'userId': 7, 'id': 68, 'title': 'odio quis facere architecto reiciendis optio', 'body': 'magnam molestiae perferendis quisquam\nqui cum reiciendis\nquaerat animi amet hic inventore\nea quia deleniti quidem saepe porro velit'}, {'userId': 7, 'id': 69, 'title': 'fugiat quod pariatur odit minima', 'body': 'officiis error culpa consequatur modi asperiores et\ndolorum assumenda voluptas et vel qui aut vel rerum\nvoluptatum quisquam perspiciatis quia rerum consequatur totam quas\nsequi commodi repudiandae asperiores et saepe a'}, {'userId': 7, 'id': 70, 'title': 'voluptatem laborum magni', 'body': 'sunt repellendus quae\nest asperiores aut deleniti esse accusamus repellendus quia aut\nquia dolorem unde\neum tempora esse dolore'}, {'userId': 8, 'id': 71, 'title': 'et iusto veniam et illum aut fuga', 'body': 'occaecati a doloribus\niste saepe consectetur placeat eum voluptate dolorem et\nqui quo quia voluptas\nrerum ut id enim velit est perferendis'}, {'userId': 8, 'id': 72, 'title': 'sint hic doloribus consequatur eos non id', 'body': 'quam occaecati qui deleniti consectetur\nconsequatur aut facere quas exercitationem aliquam hic voluptas\nneque id sunt ut aut accusamus\nsunt consectetur expedita inventore velit'}, {'userId': 8, 'id': 73, 'title': 'consequuntur deleniti eos quia temporibus ab aliquid at', 'body': 'voluptatem cumque tenetur consequatur expedita ipsum nemo quia explicabo\naut eum minima consequatur\ntempore cumque quae est et\net in consequuntur voluptatem voluptates aut'}, {'userId': 8, 'id': 74, 'title': 'enim unde ratione doloribus quas enim ut sit sapiente', 'body': 'odit qui et et necessitatibus sint veniam\nmollitia amet doloremque molestiae commodi similique magnam et quam\nblanditiis est itaque\nquo et tenetur ratione occaecati molestiae tempora'}, {'userId': 8, 'id': 75, 'title': 'dignissimos eum dolor ut enim et delectus in', 'body': 'commodi non non omnis et voluptas sit\nautem aut nobis magnam et sapiente voluptatem\net laborum repellat qui delectus facilis temporibus\nrerum amet et nemo voluptate expedita adipisci error dolorem'}, {'userId': 8, 'id': 76, 'title': 'doloremque officiis ad et non perferendis', 'body': 'ut animi facere\ntotam iusto tempore\nmolestiae eum aut et dolorem aperiam\nquaerat recusandae totam odio'}, {'userId': 8, 'id': 77, 'title': 'necessitatibus quasi exercitationem odio', 'body': 'modi ut in nulla repudiandae dolorum nostrum eos\naut consequatur omnis\nut incidunt est omnis iste et quam\nvoluptates sapiente aliquam asperiores nobis amet corrupti repudiandae provident'}, {'userId': 8, 'id': 78, 'title': 'quam voluptatibus rerum veritatis', 'body': 'nobis facilis odit tempore cupiditate quia\nassumenda doloribus rerum qui ea\nillum et qui totam\naut veniam repellendus'}, {'userId': 8, 'id': 79, 'title': 'pariatur consequatur quia magnam autem omnis non amet', 'body': 'libero accusantium et et facere incidunt sit dolorem\nnon excepturi qui quia sed laudantium\nquisquam molestiae ducimus est\nofficiis esse molestiae iste et quos'}, {'userId': 8, 'id': 80, 'title': 'labore in ex et explicabo corporis aut quas', 'body': 'ex quod dolorem ea eum iure qui provident amet\nquia qui facere excepturi et repudiandae\nasperiores molestias provident\nminus incidunt vero fugit rerum sint sunt excepturi provident'}, {'userId': 9, 'id': 81, 'title': 'tempora rem veritatis voluptas quo dolores vero', 'body': 'facere qui nesciunt est voluptatum voluptatem nisi\nsequi eligendi necessitatibus ea at rerum itaque\nharum non ratione velit laboriosam quis consequuntur\nex officiis minima doloremque voluptas ut aut'}, {'userId': 9, 'id': 82, 'title': 'laudantium voluptate suscipit sunt enim enim', 'body': 'ut libero sit aut totam inventore sunt\nporro sint qui sunt molestiae\nconsequatur cupiditate qui iste ducimus adipisci\ndolor enim assumenda soluta laboriosam amet iste delectus hic'}, {'userId': 9, 'id': 83, 'title': 'odit et voluptates doloribus alias odio et', 'body': 'est molestiae facilis quis tempora numquam nihil qui\nvoluptate sapiente consequatur est qui\nnecessitatibus autem aut ipsa aperiam modi dolore numquam\nreprehenderit eius rem quibusdam'}, {'userId': 9, 'id': 84, 'title': 'optio ipsam molestias necessitatibus occaecati facilis veritatis dolores aut', 'body': 'sint molestiae magni a et quos\neaque et quasi\nut rerum debitis similique veniam\nrecusandae dignissimos dolor incidunt consequatur odio'}, {'userId': 9, 'id': 85, 'title': 'dolore veritatis porro provident adipisci blanditiis et sunt', 'body': 'similique sed nisi voluptas iusto omnis\nmollitia et quo\nassumenda suscipit officia magnam sint sed tempora\nenim provident pariatur praesentium atque animi amet ratione'}, {'userId': 9, 'id': 86, 'title': 'placeat quia et porro iste', 'body': 'quasi excepturi consequatur iste autem temporibus sed molestiae beatae\net quaerat et esse ut\nvoluptatem occaecati et vel explicabo autem\nasperiores pariatur deserunt optio'}, {'userId': 9, 'id': 87, 'title': 'nostrum quis quasi placeat', 'body': 'eos et molestiae\nnesciunt ut a\ndolores perspiciatis repellendus repellat aliquid\nmagnam sint rem ipsum est'}, {'userId': 9, 'id': 88, 'title': 'sapiente omnis fugit eos', 'body': 'consequatur omnis est praesentium\nducimus non iste\nneque hic deserunt\nvoluptatibus veniam cum et rerum sed'}, {'userId': 9, 'id': 89, 'title': 'sint soluta et vel magnam aut ut sed qui', 'body': 'repellat aut aperiam totam temporibus autem et\narchitecto magnam ut\nconsequatur qui cupiditate rerum quia soluta dignissimos nihil iure\ntempore quas est'}, {'userId': 9, 'id': 90, 'title': 'ad iusto omnis odit dolor voluptatibus', 'body': 'minus omnis soluta quia\nqui sed adipisci voluptates illum ipsam voluptatem\neligendi officia ut in\neos soluta similique molestias praesentium blanditiis'}, {'userId': 10, 'id': 91, 'title': 'aut amet sed', 'body': 'libero voluptate eveniet aperiam sed\nsunt placeat suscipit molestias\nsimilique fugit nam natus\nexpedita consequatur consequatur dolores quia eos et placeat'}, {'userId': 10, 'id': 92, 'title': 'ratione ex tenetur perferendis', 'body': 'aut et excepturi dicta laudantium sint rerum nihil\nlaudantium et at\na neque minima officia et similique libero et\ncommodi voluptate qui'}, {'userId': 10, 'id': 93, 'title': 'beatae soluta recusandae', 'body': 'dolorem quibusdam ducimus consequuntur dicta aut quo laboriosam\nvoluptatem quis enim recusandae ut sed sunt\nnostrum est odit totam\nsit error sed sunt eveniet provident qui nulla'}, {'userId': 10, 'id': 94, 'title': 'qui qui voluptates illo iste minima', 'body': 'aspernatur expedita soluta quo ab ut similique\nexpedita dolores amet\nsed temporibus distinctio magnam saepe deleniti\nomnis facilis nam ipsum natus sint similique omnis'}, {'userId': 10, 'id': 95, 'title': 'id minus libero illum nam ad officiis', 'body': 'earum voluptatem facere provident blanditiis velit laboriosam\npariatur accusamus odio saepe\ncumque dolor qui a dicta ab doloribus consequatur omnis\ncorporis cupiditate eaque assumenda ad nesciunt'}, {'userId': 10, 'id': 96, 'title': 'quaerat velit veniam amet cupiditate aut numquam ut sequi', 'body': 'in non odio excepturi sint eum\nlabore voluptates vitae quia qui et\ninventore itaque rerum\nveniam non exercitationem delectus aut'}, {'userId': 10, 'id': 97, 'title': 'quas fugiat ut perspiciatis vero provident', 'body': 'eum non blanditiis soluta porro quibusdam voluptas\nvel voluptatem qui placeat dolores qui velit aut\nvel inventore aut cumque culpa explicabo aliquid at\nperspiciatis est et voluptatem dignissimos dolor itaque sit nam'}, {'userId': 10, 'id': 98, 'title': 'laboriosam dolor voluptates', 'body': 'doloremque ex facilis sit sint culpa\nsoluta assumenda eligendi non ut eius\nsequi ducimus vel quasi\nveritatis est dolores'}, {'userId': 10, 'id': 99, 'title': 'temporibus sit alias delectus eligendi possimus magni', 'body': 'quo deleniti praesentium dicta non quod\naut est molestias\nmolestias et officia quis nihil\nitaque dolorem quia'}, {'userId': 10, 'id': 100, 'title': 'at nam consequatur ea labore ea harum', 'body': 'cupiditate quo est a modi nesciunt soluta\nipsa voluptas error itaque dicta in\nautem qui minus magnam et distinctio eum\naccusamus ratione error aut'}]</msg>
<status status="PASS" starttime="20230307 15:25:00.760" endtime="20230307 15:25:00.762"/>
</kw>
<kw name="Log" library="BuiltIn">
<arg>title : ${resp_json.json()}</arg>
<doc>Logs the given message with the given level.</doc>
<msg timestamp="20230307 15:25:00.763" level="INFO">title : [{'userId': 1, 'id': 1, 'title': 'sunt aut facere repellat provident occaecati excepturi optio reprehenderit', 'body': 'quia et suscipit\nsuscipit recusandae consequuntur expedita et cum\nreprehenderit molestiae ut ut quas totam\nnostrum rerum est autem sunt rem eveniet architecto'}, {'userId': 1, 'id': 2, 'title': 'qui est esse', 'body': 'est rerum tempore vitae\nsequi sint nihil reprehenderit dolor beatae ea dolores neque\nfugiat blanditiis voluptate porro vel nihil molestiae ut reiciendis\nqui aperiam non debitis possimus qui neque nisi nulla'}, {'userId': 1, 'id': 3, 'title': 'ea molestias quasi exercitationem repellat qui ipsa sit aut', 'body': 'et iusto sed quo iure\nvoluptatem occaecati omnis eligendi aut ad\nvoluptatem doloribus vel accusantium quis pariatur\nmolestiae porro eius odio et labore et velit aut'}, {'userId': 1, 'id': 4, 'title': 'eum et est occaecati', 'body': 'ullam et saepe reiciendis voluptatem adipisci\nsit amet autem assumenda provident rerum culpa\nquis hic commodi nesciunt rem tenetur doloremque ipsam iure\nquis sunt voluptatem rerum illo velit'}, {'userId': 1, 'id': 5, 'title': 'nesciunt quas odio', 'body': 'repudiandae veniam quaerat sunt sed\nalias aut fugiat sit autem sed est\nvoluptatem omnis possimus esse voluptatibus quis\nest aut tenetur dolor neque'}, {'userId': 1, 'id': 6, 'title': 'dolorem eum magni eos aperiam quia', 'body': 'ut aspernatur corporis harum nihil quis provident sequi\nmollitia nobis aliquid molestiae\nperspiciatis et ea nemo ab reprehenderit accusantium quas\nvoluptate dolores velit et doloremque molestiae'}, {'userId': 1, 'id': 7, 'title': 'magnam facilis autem', 'body': 'dolore placeat quibusdam ea quo vitae\nmagni quis enim qui quis quo nemo aut saepe\nquidem repellat excepturi ut quia\nsunt ut sequi eos ea sed quas'}, {'userId': 1, 'id': 8, 'title': 'dolorem dolore est ipsam', 'body': 'dignissimos aperiam dolorem qui eum\nfacilis quibusdam animi sint suscipit qui sint possimus cum\nquaerat magni maiores excepturi\nipsam ut commodi dolor voluptatum modi aut vitae'}, {'userId': 1, 'id': 9, 'title': 'nesciunt iure omnis dolorem tempora et accusantium', 'body': 'consectetur animi nesciunt iure dolore\nenim quia ad\nveniam autem ut quam aut nobis\net est aut quod aut provident voluptas autem voluptas'}, {'userId': 1, 'id': 10, 'title': 'optio molestias id quia eum', 'body': 'quo et expedita modi cum officia vel magni\ndoloribus qui repudiandae\nvero nisi sit\nquos veniam quod sed accusamus veritatis error'}, {'userId': 2, 'id': 11, 'title': 'et ea vero quia laudantium autem', 'body': 'delectus reiciendis molestiae occaecati non minima eveniet qui voluptatibus\naccusamus in eum beatae sit\nvel qui neque voluptates ut commodi qui incidunt\nut animi commodi'}, {'userId': 2, 'id': 12, 'title': 'in quibusdam tempore odit est dolorem', 'body': 'itaque id aut magnam\npraesentium quia et ea odit et ea voluptas et\nsapiente quia nihil amet occaecati quia id voluptatem\nincidunt ea est distinctio odio'}, {'userId': 2, 'id': 13, 'title': 'dolorum ut in voluptas mollitia et saepe quo animi', 'body': 'aut dicta possimus sint mollitia voluptas commodi quo doloremque\niste corrupti reiciendis voluptatem eius rerum\nsit cumque quod eligendi laborum minima\nperferendis recusandae assumenda consectetur porro architecto ipsum ipsam'}, {'userId': 2, 'id': 14, 'title': 'voluptatem eligendi optio', 'body': 'fuga et accusamus dolorum perferendis illo voluptas\nnon doloremque neque facere\nad qui dolorum molestiae beatae\nsed aut voluptas totam sit illum'}, {'userId': 2, 'id': 15, 'title': 'eveniet quod temporibus', 'body': 'reprehenderit quos placeat\nvelit minima officia dolores impedit repudiandae molestiae nam\nvoluptas recusandae quis delectus\nofficiis harum fugiat vitae'}, {'userId': 2, 'id': 16, 'title': 'sint suscipit perspiciatis velit dolorum rerum ipsa laboriosam odio', 'body': 'suscipit nam nisi quo aperiam aut\nasperiores eos fugit maiores voluptatibus quia\nvoluptatem quis ullam qui in alias quia est\nconsequatur magni mollitia accusamus ea nisi voluptate dicta'}, {'userId': 2, 'id': 17, 'title': 'fugit voluptas sed molestias voluptatem provident', 'body': 'eos voluptas et aut odit natus earum\naspernatur fuga molestiae ullam\ndeserunt ratione qui eos\nqui nihil ratione nemo velit ut aut id quo'}, {'userId': 2, 'id': 18, 'title': 'voluptate et itaque vero tempora molestiae', 'body': 'eveniet quo quis\nlaborum totam consequatur non dolor\nut et est repudiandae\nest voluptatem vel debitis et magnam'}, {'userId': 2, 'id': 19, 'title': 'adipisci placeat illum aut reiciendis qui', 'body': 'illum quis cupiditate provident sit magnam\nea sed aut omnis\nveniam maiores ullam consequatur atque\nadipisci quo iste expedita sit quos voluptas'}, {'userId': 2, 'id': 20, 'title': 'doloribus ad provident suscipit at', 'body': 'qui cons
[...]
<kw name="Log To Console" library="BuiltIn">
<arg>id: ${data}[id], title:${data}[title]</arg>
<doc>Logs the given message to the console.</doc>
<status status="PASS" starttime="20230307 15:25:00.816" endtime="20230307 15:25:00.818"/>
</kw>
<status status="PASS" starttime="20230307 15:25:00.816" endtime="20230307 15:25:00.818"/>
</iter>
<iter>
<var name="${data}">{'userId': 7, 'id': 68, 'title': 'odio quis facere architecto reiciendis optio', 'body': 'magnam molestiae perferendis quisquam\nqui cum reiciendis\nquaerat animi amet hic inventore\nea quia deleniti ...</var>
<kw name="Log To Console" library="BuiltIn">
<arg>id: ${data}[id], title:${data}[title]</arg>
<doc>Logs the given message to the console.</doc>
<status status="PASS" starttime="20230307 15:25:00.819" endtime="20230307 15:25:00.820"/>
</kw>
<status status="PASS" starttime="20230307 15:25:00.819" endtime="20230307 15:25:00.820"/>
</iter>
<iter>
<var name="${data}">{'userId': 7, 'id': 69, 'title': 'fugiat quod pariatur odit minima', 'body': 'officiis error culpa consequatur modi asperiores et\ndolorum assumenda voluptas et vel qui aut vel rerum\nvoluptatum quisq...</var>
<kw name="Log To Console" library="BuiltIn">
<arg>id: ${data}[id], title:${data}[title]</arg>
<doc>Logs the given message to the console.</doc>
<status status="PASS" starttime="20230307 15:25:00.820" endtime="20230307 15:25:00.821"/>
</kw>
<status status="PASS" starttime="20230307 15:25:00.820" endtime="20230307 15:25:00.821"/>
</iter>
<iter>
<var name="${data}">{'userId': 7, 'id': 70, 'title': 'voluptatem laborum magni', 'body': 'sunt repellendus quae\nest asperiores aut deleniti esse accusamus repellendus quia aut\nquia dolorem unde\neum tempora esse dolore...</var>
<kw name="Log To Console" library="BuiltIn">
<arg>id: ${data}[id], title:${data}[title]</arg>
<doc>Logs the given message to the console.</doc>
<status status="PASS" starttime="20230307 15:25:00.822" endtime="20230307 15:25:00.823"/>
</kw>
<status status="PASS" starttime="20230307 15:25:00.822" endtime="20230307 15:25:00.824"/>
</iter>
<iter>
<var name="${data}">{'userId': 8, 'id': 71, 'title': 'et iusto veniam et illum aut fuga', 'body': 'occaecati a doloribus\niste saepe consectetur placeat eum voluptate dolorem et\nqui quo quia voluptas\nrerum ut id enim v...</var>
<kw name="Log To Console" library="BuiltIn">
<arg>id: ${data}[id], title:${data}[title]</arg>
<doc>Logs the given message to the console.</doc>
<status status="PASS" starttime="20230307 15:25:00.824" endtime="20230307 15:25:00.825"/>
</kw>
<status status="PASS" starttime="20230307 15:25:00.824" endtime="20230307 15:25:00.825"/>
</iter>
<iter>
<var name="${data}">{'userId': 8, 'id': 72, 'title': 'sint hic doloribus consequatur eos non id', 'body': 'quam occaecati qui deleniti consectetur\nconsequatur aut facere quas exercitationem aliquam hic voluptas\nneque i...</var>
<kw name="Log To Console" library="BuiltIn">
<arg>id: ${data}[id], title:${data}[title]</arg>
<doc>Logs the given message to the console.</doc>
<status status="PASS" starttime="20230307 15:25:00.825" endtime="20230307 15:25:00.825"/>
</kw>
<status status="PASS" starttime="20230307 15:25:00.825" endtime="20230307 15:25:00.825"/>
</iter>
<iter>
<var name="${data}">{'userId': 8, 'id': 73, 'title': 'consequuntur deleniti eos quia temporibus ab aliquid at', 'body': 'voluptatem cumque tenetur consequatur expedita ipsum nemo quia explicabo\naut eum minima consequatu...</var>
<kw name="Log To Console" library="BuiltIn">
<arg>id: ${data}[id], title:${data}[title]</arg>
<doc>Logs the given message to the console.</doc>
<status status="PASS" starttime="20230307 15:25:00.825" endtime="20230307 15:25:00.826"/>
</kw>
<status status="PASS" starttime="20230307 15:25:00.825" endtime="20230307 15:25:00.826"/>
</iter>
<iter>
<var name="${data}">{'userId': 8, 'id': 74, 'title': 'enim unde ratione doloribus quas enim ut sit sapiente', 'body': 'odit qui et et necessitatibus sint veniam\nmollitia amet doloremque molestiae commodi similique magna...</var>
<kw name="Log To Console" library="BuiltIn">
<arg>id: ${data}[id], title:${data}[title]</arg>
<doc>Logs the given message to the console.</doc>
<status status="PASS" starttime="20230307 15:25:00.826" endtime="20230307 15:25:00.826"/>
</kw>
<status status="PASS" starttime="20230307 15:25:00.826" endtime="20230307 15:25:00.826"/>
</iter>
<iter>
<var name="${data}">{'userId': 8, 'id': 75, 'title': 'dignissimos eum dolor ut enim et delectus in', 'body': 'commodi non non omnis et voluptas sit\nautem aut nobis magnam et sapiente voluptatem\net laborum repellat qui ...</var>
<kw name="Log To Console" library="BuiltIn">
<arg>id: ${data}[id], title:${data}[title]</arg>
<doc>Logs the given message to the console.</doc>
<status status="PASS" starttime="20230307 15:25:00.826" endtime="20230307 15:25:00.827"/>
</kw>
<status status="PASS" starttime="20230307 15:25:00.826" endtime="20230307 15:25:00.827"/>
</iter>
<iter>
<var name="${data}">{'userId': 8, 'id': 76, 'title': 'doloremque officiis ad et non perferendis', 'body': 'ut animi facere\ntotam iusto tempore\nmolestiae eum aut et dolorem aperiam\nquaerat recusandae totam odio'}</var>
<kw name="Log To Console" library="BuiltIn">
<arg>id: ${data}[id], title:${data}[title]</arg>
<doc>Logs the given message to the console.</doc>
<status status="PASS" starttime="20230307 15:25:00.827" endtime="20230307 15:25:00.827"/>
</kw>
<status status="PASS" starttime="20230307 15:25:00.827" endtime="20230307 15:25:00.827"/>
</iter>
<iter>
<var name="${data}">{'userId': 8, 'id': 77, 'title': 'necessitatibus quasi exercitationem odio', 'body': 'modi ut in nulla repudiandae dolorum nostrum eos\naut consequatur omnis\nut incidunt est omnis iste et quam\nvolup...</var>
<kw name="Log To Console" library="BuiltIn">
<arg>id: ${data}[id], title:${data}[title]</arg>
<doc>Logs the given message to the console.</doc>
<status status="PASS" starttime="20230307 15:25:00.828" endtime="20230307 15:25:00.828"/>
</kw>
<status status="PASS" starttime="20230307 15:25:00.827" endtime="20230307 15:25:00.828"/>
</iter>
<iter>
<var name="${data}">{'userId': 8, 'id': 78, 'title': 'quam voluptatibus rerum veritatis', 'body': 'nobis facilis odit tempore cupiditate quia\nassumenda doloribus rerum qui ea\nillum et qui totam\naut veniam repellendus'...</var>
<kw name="Log To Console" library="BuiltIn">
<arg>id: ${data}[id], title:${data}[title]</arg>
<doc>Logs the given message to the console.</doc>
<status status="PASS" starttime="20230307 15:25:00.830" endtime="20230307 15:25:00.830"/>
</kw>
<status status="PASS" starttime="20230307 15:25:00.829" endtime="20230307 15:25:00.830"/>
</iter>
<iter>
<var name="${data}">{'userId': 8, 'id': 79, 'title': 'pariatur consequatur quia magnam autem omnis non amet', 'body': 'libero accusantium et et facere incidunt sit dolorem\nnon excepturi qui quia sed laudantium\nquisquam...</var>
<kw name="Log To Console" library="BuiltIn">
<arg>id: ${data}[id], title:${data}[title]</arg>
<doc>Logs the given message to the console.</doc>
<status status="PASS" starttime="20230307 15:25:00.832" endtime="20230307 15:25:00.832"/>
</kw>
<status status="PASS" starttime="20230307 15:25:00.831" endtime="20230307 15:25:00.832"/>
</iter>
<iter>
<var name="${data}">{'userId': 8, 'id': 80, 'title': 'labore in ex et explicabo corporis aut quas', 'body': 'ex quod dolorem ea eum iure qui provident amet\nquia qui facere excepturi et repudiandae\nasperiores molestias ...</var>
<kw name="Log To Console" library="BuiltIn">
<arg>id: ${data}[id], title:${data}[title]</arg>
<doc>Logs the given message to the console.</doc>
<status status="PASS" starttime="20230307 15:25:00.833" endtime="20230307 15:25:00.833"/>
</kw>
<status status="PASS" starttime="20230307 15:25:00.832" endtime="20230307 15:25:00.833"/>
</iter>
<iter>
<var name="${data}">{'userId': 9, 'id': 81, 'title': 'tempora rem veritatis voluptas quo dolores vero', 'body': 'facere qui nesciunt est voluptatum voluptatem nisi\nsequi eligendi necessitatibus ea at rerum itaque\nharum...</var>
<kw name="Log To Console" library="BuiltIn">
<arg>id: ${data}[id], title:${data}[title]</arg>
<doc>Logs the given message to the console.</doc>
<status status="PASS" starttime="20230307 15:25:00.833" endtime="20230307 15:25:00.834"/>
</kw>
<status status="PASS" starttime="20230307 15:25:00.833" endtime="20230307 15:25:00.834"/>
</iter>
<iter>
<var name="${data}">{'userId': 9, 'id': 82, 'title': 'laudantium voluptate suscipit sunt enim enim', 'body': 'ut libero sit aut totam inventore sunt\nporro sint qui sunt molestiae\nconsequatur cupiditate qui iste ducimus...</var>
<kw name="Log To Console" library="BuiltIn">
<arg>id: ${data}[id], title:${data}[title]</arg>
<doc>Logs the given message to the console.</doc>
<status status="PASS" starttime="20230307 15:25:00.835" endtime="20230307 15:25:00.835"/>
</kw>
<status status="PASS" starttime="20230307 15:25:00.834" endtime="20230307 15:25:00.835"/>
</iter>
<iter>
<var name="${data}">{'userId': 9, 'id': 83, 'title': 'odit et voluptates doloribus alias odio et', 'body': 'est molestiae facilis quis tempora numquam nihil qui\nvoluptate sapiente consequatur est qui\nnecessitatibus aut...</var>
<kw name="Log To Console" library="BuiltIn">
<arg>id: ${data}[id], title:${data}[title]</arg>
<doc>Logs the given message to the console.</doc>
<status status="PASS" starttime="20230307 15:25:00.835" endtime="20230307 15:25:00.836"/>
</kw>
<status status="PASS" starttime="20230307 15:25:00.835" endtime="20230307 15:25:00.836"/>
</iter>
<iter>
<var name="${data}">{'userId': 9, 'id': 84, 'title': 'optio ipsam molestias necessitatibus occaecati facilis veritatis dolores aut', 'body': 'sint molestiae magni a et quos\neaque et quasi\nut rerum debitis similique ven...</var>
<kw name="Log To Console" library="BuiltIn">
<arg>id: ${data}[id], title:${data}[title]</arg>
<doc>Logs the given message to the console.</doc>
<status status="PASS" starttime="20230307 15:25:00.836" endtime="20230307 15:25:00.837"/>
</kw>
<status status="PASS" starttime="20230307 15:25:00.836" endtime="20230307 15:25:00.837"/>
</iter>
<iter>
<var name="${data}">{'userId': 9, 'id': 85, 'title': 'dolore veritatis porro provident adipisci blanditiis et sunt', 'body': 'similique sed nisi voluptas iusto omnis\nmollitia et quo\nassumenda suscipit officia magnam si...</var>
<kw name="Log To Console" library="BuiltIn">
<arg>id: ${data}[id], title:${data}[title]</arg>
<doc>Logs the given message to the console.</doc>
<status status="PASS" starttime="20230307 15:25:00.837" endtime="20230307 15:25:00.838"/>
</kw>
<status status="PASS" starttime="20230307 15:25:00.837" endtime="20230307 15:25:00.838"/>
</iter>
<iter>
<var name="${data}">{'userId': 9, 'id': 86, 'title': 'placeat quia et porro iste', 'body': 'quasi excepturi consequatur iste autem temporibus sed molestiae beatae\net quaerat et esse ut\nvoluptatem occaecati et vel expli...</var>
<kw name="Log To Console" library="BuiltIn">
<arg>id: ${data}[id], title:${data}[title]</arg>
<doc>Logs the given message to the console.</doc>
<status status="PASS" starttime="20230307 15:25:00.838" endtime="20230307 15:25:00.838"/>
</kw>
<status status="PASS" starttime="20230307 15:25:00.838" endtime="20230307 15:25:00.838"/>
</iter>
<iter>
<var name="${data}">{'userId': 9, 'id': 87, 'title': 'nostrum quis quasi placeat', 'body': 'eos et molestiae\nnesciunt ut a\ndolores perspiciatis repellendus repellat aliquid\nmagnam sint rem ipsum est'}</var>
<kw name="Log To Console" library="BuiltIn">
<arg>id: ${data}[id], title:${data}[title]</arg>
<doc>Logs the given message to the console.</doc>
<status status="PASS" starttime="20230307 15:25:00.839" endtime="20230307 15:25:00.839"/>
</kw>
<status status="PASS" starttime="20230307 15:25:00.839" endtime="20230307 15:25:00.839"/>
</iter>
<iter>
<var name="${data}">{'userId': 9, 'id': 88, 'title': 'sapiente omnis fugit eos', 'body': 'consequatur omnis est praesentium\nducimus non iste\nneque hic deserunt\nvoluptatibus veniam cum et rerum sed'}</var>
<kw name="Log To Console" library="BuiltIn">
<arg>id: ${data}[id], title:${data}[title]</arg>
<doc>Logs the given message to the console.</doc>
<status status="PASS" starttime="20230307 15:25:00.840" endtime="20230307 15:25:00.840"/>
</kw>
<status status="PASS" starttime="20230307 15:25:00.840" endtime="20230307 15:25:00.840"/>
</iter>
<iter>
<var name="${data}">{'userId': 9, 'id': 89, 'title': 'sint soluta et vel magnam aut ut sed qui', 'body': 'repellat aut aperiam totam temporibus autem et\narchitecto magnam ut\nconsequatur qui cupiditate rerum quia soluta...</var>
<kw name="Log To Console" library="BuiltIn">
<arg>id: ${data}[id], title:${data}[title]</arg>
<doc>Logs the given message to the console.</doc>
<status status="PASS" starttime="20230307 15:25:00.840" endtime="20230307 15:25:00.841"/>
</kw>
<status status="PASS" starttime="20230307 15:25:00.840" endtime="20230307 15:25:00.841"/>
</iter>
<iter>
<var name="${data}">{'userId': 9, 'id': 90, 'title': 'ad iusto omnis odit dolor voluptatibus', 'body': 'minus omnis soluta quia\nqui sed adipisci voluptates illum ipsam voluptatem\neligendi officia ut in\neos soluta simi...</var>
<kw name="Log To Console" library="BuiltIn">
<arg>id: ${data}[id], title:${data}[title]</arg>
<doc>Logs the given message to the console.</doc>
<status status="PASS" starttime="20230307 15:25:00.841" endtime="20230307 15:25:00.842"/>
</kw>
<status status="PASS" starttime="20230307 15:25:00.841" endtime="20230307 15:25:00.842"/>
</iter>
<iter>
<var name="${data}">{'userId': 10, 'id': 91, 'title': 'aut amet sed', 'body': 'libero voluptate eveniet aperiam sed\nsunt placeat suscipit molestias\nsimilique fugit nam natus\nexpedita consequatur consequatur dolores qu...</var>
<kw name="Log To Console" library="BuiltIn">
<arg>id: ${data}[id], title:${data}[title]</arg>
<doc>Logs the given message to the console.</doc>
<status status="PASS" starttime="20230307 15:25:00.842" endtime="20230307 15:25:00.843"/>
</kw>
<status status="PASS" starttime="20230307 15:25:00.842" endtime="20230307 15:25:00.843"/>
</iter>
<iter>
<var name="${data}">{'userId': 10, 'id': 92, 'title': 'ratione ex tenetur perferendis', 'body': 'aut et excepturi dicta laudantium sint rerum nihil\nlaudantium et at\na neque minima officia et similique libero et\ncommod...</var>
<kw name="Log To Console" library="BuiltIn">
<arg>id: ${data}[id], title:${data}[title]</arg>
<doc>Logs the given message to the console.</doc>
<status status="PASS" starttime="20230307 15:25:00.843" endtime="20230307 15:25:00.843"/>
</kw>
<status status="PASS" starttime="20230307 15:25:00.843" endtime="20230307 15:25:00.843"/>
</iter>
<iter>
<var name="${data}">{'userId': 10, 'id': 93, 'title': 'beatae soluta recusandae', 'body': 'dolorem quibusdam ducimus consequuntur dicta aut quo laboriosam\nvoluptatem quis enim recusandae ut sed sunt\nnostrum est odit to...</var>
<kw name="Log To Console" library="BuiltIn">
<arg>id: ${data}[id], title:${data}[title]</arg>
<doc>Logs the given message to the console.</doc>
<status status="PASS" starttime="20230307 15:25:00.843" endtime="20230307 15:25:00.844"/>
</kw>
<status status="PASS" starttime="20230307 15:25:00.843" endtime="20230307 15:25:00.844"/>
</iter>
<iter>
<var name="${data}">{'userId': 10, 'id': 94, 'title': 'qui qui voluptates illo iste minima', 'body': 'aspernatur expedita soluta quo ab ut similique\nexpedita dolores amet\nsed temporibus distinctio magnam saepe deleniti...</var>
<kw name="Log To Console" library="BuiltIn">
<arg>id: ${data}[id], title:${data}[title]</arg>
<doc>Logs the given message to the console.</doc>
<status status="PASS" starttime="20230307 15:25:00.844" endtime="20230307 15:25:00.845"/>
</kw>
<status status="PASS" starttime="20230307 15:25:00.844" endtime="20230307 15:25:00.845"/>
</iter>
<iter>
<var name="${data}">{'userId': 10, 'id': 95, 'title': 'id minus libero illum nam ad officiis', 'body': 'earum voluptatem facere provident blanditiis velit laboriosam\npariatur accusamus odio saepe\ncumque dolor qui a dic...</var>
<kw name="Log To Console" library="BuiltIn">
<arg>id: ${data}[id], title:${data}[title]</arg>
<doc>Logs the given message to the console.</doc>
<status status="PASS" starttime="20230307 15:25:00.845" endtime="20230307 15:25:00.846"/>
</kw>
<status status="PASS" starttime="20230307 15:25:00.845" endtime="20230307 15:25:00.846"/>
</iter>
<iter>
<var name="${data}">{'userId': 10, 'id': 96, 'title': 'quaerat velit veniam amet cupiditate aut numquam ut sequi', 'body': 'in non odio excepturi sint eum\nlabore voluptates vitae quia qui et\ninventore itaque rerum\nven...</var>
<kw name="Log To Console" library="BuiltIn">
<arg>id: ${data}[id], title:${data}[title]</arg>
<doc>Logs the given message to the console.</doc>
<status status="PASS" starttime="20230307 15:25:00.846" endtime="20230307 15:25:00.846"/>
</kw>
<status status="PASS" starttime="20230307 15:25:00.846" endtime="20230307 15:25:00.846"/>
</iter>
<iter>
<var name="${data}">{'userId': 10, 'id': 97, 'title': 'quas fugiat ut perspiciatis vero provident', 'body': 'eum non blanditiis soluta porro quibusdam voluptas\nvel voluptatem qui placeat dolores qui velit aut\nvel inven...</var>
<kw name="Log To Console" library="BuiltIn">
<arg>id: ${data}[id], title:${data}[title]</arg>
<doc>Logs the given message to the console.</doc>
<status status="PASS" starttime="20230307 15:25:00.846" endtime="20230307 15:25:00.849"/>
</kw>
<status status="PASS" starttime="20230307 15:25:00.846" endtime="20230307 15:25:00.849"/>
</iter>
<iter>
<var name="${data}">{'userId': 10, 'id': 98, 'title': 'laboriosam dolor voluptates', 'body': 'doloremque ex facilis sit sint culpa\nsoluta assumenda eligendi non ut eius\nsequi ducimus vel quasi\nveritatis est dolores'}</var>
<kw name="Log To Console" library="BuiltIn">
<arg>id: ${data}[id], title:${data}[title]</arg>
<doc>Logs the given message to the console.</doc>
<status status="PASS" starttime="20230307 15:25:00.850" endtime="20230307 15:25:00.851"/>
</kw>
<status status="PASS" starttime="20230307 15:25:00.849" endtime="20230307 15:25:00.851"/>
</iter>
<iter>
<var name="${data}">{'userId': 10, 'id': 99, 'title': 'temporibus sit alias delectus eligendi possimus magni', 'body': 'quo deleniti praesentium dicta non quod\naut est molestias\nmolestias et officia quis nihil\nitaque ...</var>
<kw name="Log To Console" library="BuiltIn">
<arg>id: ${data}[id], title:${data}[title]</arg>
<doc>Logs the given message to the console.</doc>
<status status="PASS" starttime="20230307 15:25:00.851" endtime="20230307 15:25:00.851"/>
</kw>
<status status="PASS" starttime="20230307 15:25:00.851" endtime="20230307 15:25:00.851"/>
</iter>
<iter>
<var name="${data}">{'userId': 10, 'id': 100, 'title': 'at nam consequatur ea labore ea harum', 'body': 'cupiditate quo est a modi nesciunt soluta\nipsa voluptas error itaque dicta in\nautem qui minus magnam et distincti...</var>
<kw name="Log To Console" library="BuiltIn">
<arg>id: ${data}[id], title:${data}[title]</arg>
<doc>Logs the given message to the console.</doc>
<status status="PASS" starttime="20230307 15:25:00.852" endtime="20230307 15:25:00.853"/>
</kw>
<status status="PASS" starttime="20230307 15:25:00.852" endtime="20230307 15:25:00.854"/>
</iter>
<status status="PASS" starttime="20230307 15:25:00.764" endtime="20230307 15:25:00.854"/>
</for>
<status status="PASS" starttime="20230307 15:25:00.018" endtime="20230307 15:25:00.854"/>
</test>
<status status="FAIL" starttime="20230307 15:24:57.566" endtime="20230307 15:25:00.855"/>
</suite>
<statistics>
<total>
<stat pass="3" fail="1" skip="0">All Tests</stat>
</total>
<tag>
</tag>
<suite>
<stat pass="3" fail="1" skip="0" id="s1" name="First Robot Api Test">First Robot Api Test</stat>
</suite>
</statistics>
<errors>
</errors>
</robot>
