<?xml version="1.0" encoding="UTF-8"?>
<robot generator="Robot 6.0.2 (Python 3.11.0 on win32)" generated="20230301 16:02:32.111" rpa="false" schemaversion="3">
<suite id="s1" name="PaybotTest" source="E:\Trainings\PythonRobotTavet14Feb2023\RobotframeworkProject\PaybotTest">
<suite id="s1-s1" name="First Robot Selenium Parallel3" source="E:\Trainings\PythonRobotTavet14Feb2023\RobotframeworkProject\PaybotTest\first_robot_selenium_parallel3.robot">
<test id="s1-s1-t1" name="Handle Browser Confirm Alerts" line="61">
<kw name="Open browser and launch url" type="SETUP">
<arg>${url}</arg>
<arg>${browser}</arg>
<doc>This keyword will open browser and launch url</doc>
<kw name="Open Browser" library="SeleniumLibrary">
<arg>${server_url}</arg>
<arg>${test_browser}</arg>
<doc>Opens a new browser instance to the optional ``url``.</doc>
<msg timestamp="20230301 16:02:32.389" level="INFO">Opening browser 'chrome' to base url 'https://automationbysqatools.blogspot.com/2021/05/dummy-website.html'.</msg>
<status status="PASS" starttime="20230301 16:02:32.388" endtime="20230301 16:02:47.276"/>
</kw>
<kw name="Maximize Browser Window" library="SeleniumLibrary">
<doc>Maximizes current browser window.</doc>
<status status="PASS" starttime="20230301 16:02:47.277" endtime="20230301 16:02:47.600"/>
</kw>
<status status="PASS" starttime="20230301 16:02:32.387" endtime="20230301 16:02:47.601"/>
</kw>
<kw name="Go To" library="SeleniumLibrary">
<arg>https://automationbysqatools.blogspot.com/2020/08/alerts.html</arg>
<doc>Navigates the current browser window to the provided ``url``.</doc>
<msg timestamp="20230301 16:02:47.603" level="INFO">Opening url 'https://automationbysqatools.blogspot.com/2020/08/alerts.html'</msg>
<status status="PASS" starttime="20230301 16:02:47.602" endtime="20230301 16:02:50.212"/>
</kw>
<kw name="Click Element" library="SeleniumLibrary">
<arg>id=button</arg>
<doc>Click the element identified by ``locator``.</doc>
<msg timestamp="20230301 16:02:50.215" level="INFO">Clicking element 'id=button'.</msg>
<status status="PASS" starttime="20230301 16:02:50.213" endtime="20230301 16:02:50.368"/>
</kw>
<kw name="Sleep" library="BuiltIn">
<arg>2s</arg>
<doc>Pauses the test executed for the given time.</doc>
<msg timestamp="20230301 16:02:52.370" level="INFO">Slept 2 seconds</msg>
<status status="PASS" starttime="20230301 16:02:50.368" endtime="20230301 16:02:52.370"/>
</kw>
<kw name="Handle Alert" library="SeleniumLibrary">
<var>${message}</var>
<doc>Handles the current alert and returns its message.</doc>
<msg timestamp="20230301 16:02:52.371" level="INFO">HANDLE::&lt;class 'NoneType'&gt;::None</msg>
<msg timestamp="20230301 16:02:52.380" level="INFO">${message} = Press a button!</msg>
<status status="PASS" starttime="20230301 16:02:52.370" endtime="20230301 16:02:52.380"/>
</kw>
<kw name="Log" library="BuiltIn">
<arg>${message}</arg>
<doc>Logs the given message with the given level.</doc>
<msg timestamp="20230301 16:02:52.382" level="INFO">Press a button!</msg>
<status status="PASS" starttime="20230301 16:02:52.380" endtime="20230301 16:02:52.382"/>
</kw>
<kw name="Should Be Equal" library="BuiltIn">
<arg>${message}</arg>
<arg>${confirm_msg}</arg>
<doc>Fails if the given objects are unequal.</doc>
<status status="PASS" starttime="20230301 16:02:52.382" endtime="20230301 16:02:52.383"/>
</kw>
<kw name="Get Text" library="SeleniumLibrary">
<var>${ui_confirm}</var>
<arg>demo</arg>
<doc>Returns the text value of the element identified by ``locator``.</doc>
<msg timestamp="20230301 16:02:52.563" level="INFO">${ui_confirm} = You pressed OK!</msg>
<status status="PASS" starttime="20230301 16:02:52.383" endtime="20230301 16:02:52.563"/>
</kw>
<kw name="Log" library="BuiltIn">
<arg>${ui_confirm}</arg>
<doc>Logs the given message with the given level.</doc>
<msg timestamp="20230301 16:02:52.564" level="INFO">You pressed OK!</msg>
<status status="PASS" starttime="20230301 16:02:52.563" endtime="20230301 16:02:52.564"/>
</kw>
<kw name="Capture Page Screenshot" library="SeleniumLibrary">
<arg>confrim_alert.png</arg>
<doc>Takes a screenshot of the current page and embeds it into a log file.</doc>
<msg timestamp="20230301 16:02:52.861" level="INFO" html="true">&lt;/td&gt;&lt;/tr&gt;&lt;tr&gt;&lt;td colspan="3"&gt;&lt;a href="confrim_alert.png"&gt;&lt;img src="confrim_alert.png" width="800px"&gt;&lt;/a&gt;</msg>
<status status="PASS" starttime="20230301 16:02:52.565" endtime="20230301 16:02:52.861"/>
</kw>
<kw name="Should Be Equal" library="BuiltIn">
<arg>${ui_confirm}</arg>
<arg>${Accept_confirm}</arg>
<doc>Fails if the given objects are unequal.</doc>
<msg timestamp="20230301 16:02:52.863" level="FAIL">You pressed OK! != You pressed OK!!</msg>
<status status="FAIL" starttime="20230301 16:02:52.862" endtime="20230301 16:02:52.863"/>
</kw>
<kw name="Sleep" library="BuiltIn">
<arg>2s</arg>
<doc>Pauses the test executed for the given time.</doc>
<status status="NOT RUN" starttime="20230301 16:02:52.865" endtime="20230301 16:02:52.865"/>
</kw>
<kw name="Close All Browser On the System" type="TEARDOWN">
<doc>Close all opened browser</doc>
<kw name="Close All Browsers" library="SeleniumLibrary">
<doc>Closes all open browsers and resets the browser cache.</doc>
<status status="PASS" starttime="20230301 16:02:52.867" endtime="20230301 16:03:00.081"/>
</kw>
<status status="PASS" starttime="20230301 16:02:52.865" endtime="20230301 16:03:00.082"/>
</kw>
<doc>This test cases is for handling the alerts
we will excute script for the all the alerts</doc>
<status status="FAIL" starttime="20230301 16:02:32.386" endtime="20230301 16:03:00.082">You pressed OK! != You pressed OK!!</status>
</test>
<status status="FAIL" starttime="20230301 16:02:32.143" endtime="20230301 16:03:00.084"/>
</suite>
<status status="FAIL" starttime="20230301 16:02:32.122" endtime="20230301 16:03:00.085"/>
</suite>
<statistics>
<total>
<stat pass="0" fail="1" skip="0">All Tests</stat>
</total>
<tag>
</tag>
<suite>
<stat pass="0" fail="1" skip="0" id="s1" name="PaybotTest">PaybotTest</stat>
<stat pass="0" fail="1" skip="0" id="s1-s1" name="First Robot Selenium Parallel3">PaybotTest.First Robot Selenium Parallel3</stat>
</suite>
</statistics>
<errors>
<msg timestamp="20230301 16:02:32.369" level="ERROR">Error in file 'E:\Trainings\PythonRobotTavet14Feb2023\RobotframeworkProject\PaybotTest\first_robot_selenium_parallel3.robot' on line 6: Resource file 'locators.robot' does not exist.</msg>
</errors>
</robot>
