<?xml version="1.0" encoding="UTF-8"?>
<robot generator="Robot 6.0.2 (Python 3.11.0 on win32)" generated="20230306 10:55:19.148" rpa="false" schemaversion="3">
<suite id="s1" name="First Robot Selenium Autoitlibrary" source="E:\Trainings\PythonRobotTavet14Feb2023\RobotframeworkProject\first_robot_selenium_autoitlibrary.robot">
<test id="s1-t1" name="Launch Notepad and enter Content" line="18">
<kw name="Run" library="AutoItLibrary">
<arg>E:\\AutoScript\\startnotepad.bat</arg>
<doc>Direct wrapper for AutoIt's Run method.</doc>
<msg timestamp="20230306 10:55:19.243" level="INFO">AutoItLibrary.Run(FileName='E:\AutoScript\startnotepad.bat', WorkingDir='', Flag='')</msg>
<status status="PASS" starttime="20230306 10:55:19.237" endtime="20230306 10:55:19.243"/>
</kw>
<kw name="Win Wait Active" library="AutoItLibrary">
<arg>Untitled - Notepad</arg>
<doc>Direct wrapper for AutoIt's WinWaitActive method.</doc>
<msg timestamp="20230306 10:55:19.585" level="INFO">AutoItLibrary.WinWaitActive(WindowTitle='Untitled - Notepad', WindowText='', TimeOut=60)</msg>
<status status="PASS" starttime="20230306 10:55:19.244" endtime="20230306 10:55:19.585"/>
</kw>
<kw name="Sleep" library="BuiltIn">
<arg>5s</arg>
<doc>Pauses the test executed for the given time.</doc>
<msg timestamp="20230306 10:55:24.586" level="INFO">Slept 5 seconds</msg>
<status status="PASS" starttime="20230306 10:55:19.586" endtime="20230306 10:55:24.586"/>
</kw>
<kw name="Control Send" library="AutoItLibrary">
<arg>strTitle=Untitled - Notepad</arg>
<arg>strControl=Edit1</arg>
<arg>strSendText=This is my desktop application</arg>
<doc>method ControlSend</doc>
<msg timestamp="20230306 10:55:24.594" level="FAIL">com_error: (-2147352561, 'Parameter not optional.', None, None)</msg>
<status status="FAIL" starttime="20230306 10:55:24.587" endtime="20230306 10:55:24.599"/>
</kw>
<kw name="Sleep" library="BuiltIn">
<arg>5s</arg>
<doc>Pauses the test executed for the given time.</doc>
<status status="NOT RUN" starttime="20230306 10:55:24.599" endtime="20230306 10:55:24.599"/>
</kw>
<kw name="Process Close" library="AutoItLibrary">
<arg>notepad.exe</arg>
<doc>method ProcessClose</doc>
<status status="NOT RUN" starttime="20230306 10:55:24.599" endtime="20230306 10:55:24.599"/>
</kw>
<status status="FAIL" starttime="20230306 10:55:19.236" endtime="20230306 10:55:24.599">com_error: (-2147352561, 'Parameter not optional.', None, None)</status>
</test>
<status status="FAIL" starttime="20230306 10:55:19.150" endtime="20230306 10:55:24.601"/>
</suite>
<statistics>
<total>
<stat pass="0" fail="1" skip="0">All Tests</stat>
</total>
<tag>
</tag>
<suite>
<stat pass="0" fail="1" skip="0" id="s1" name="First Robot Selenium Autoitlibrary">First Robot Selenium Autoitlibrary</stat>
</suite>
</statistics>
<errors>
</errors>
</robot>
